[2025-01-07 12:06:07,249] INFO [mongodb-sink-connector|task-0] Exception in monitor thread while connecting to server ist-shared-shard-00-01.n0kts.mongodb.net:27017 (org.mongodb.driver.cluster:76)
com.mongodb.MongoSocketReadException: Prematurely reached end of stream
	at com.mongodb.internal.connection.SocketStream.read(SocketStream.java:112)
	at com.mongodb.internal.connection.SocketStream.read(SocketStream.java:135)
	at com.mongodb.internal.connection.InternalStreamConnection.receiveResponseBuffers(InternalStreamConnection.java:713)
	at com.mongodb.internal.connection.InternalStreamConnection.receiveMessageWithAdditionalTimeout(InternalStreamConnection.java:571)
	at com.mongodb.internal.connection.InternalStreamConnection.receiveCommandMessageResponse(InternalStreamConnection.java:410)
	at com.mongodb.internal.connection.InternalStreamConnection.receive(InternalStreamConnection.java:369)
	at com.mongodb.internal.connection.DefaultServerMonitor$ServerMonitorRunnable.lookupServerDescription(DefaultServerMonitor.java:221)
	at com.mongodb.internal.connection.DefaultServerMonitor$ServerMonitorRunnable.run(DefaultServerMonitor.java:157)
	at java.base/java.lang.Thread.run(Thread.java:1575)
[2025-01-07 12:06:08,286] INFO [mongodb-sink-connector|task-0] Opened connection [connectionId{localValue:316, serverValue:66526}] to ist-shared-shard-00-01.n0kts.mongodb.net:27017 (org.mongodb.driver.connection:71)
[2025-01-07 12:06:08,287] INFO [mongodb-sink-connector|task-0] Monitor thread successfully connected to server with description ServerDescription{address=ist-shared-shard-00-01.n0kts.mongodb.net:27017, type=REPLICA_SET_PRIMARY, state=CONNECTED, ok=true, minWireVersion=0, maxWireVersion=25, maxDocumentSize=16777216, logicalSessionTimeoutMinutes=30, roundTripTimeNanos=489503583, setName='atlas-133bp7-shard-0', canonicalAddress=ist-shared-shard-00-01.n0kts.mongodb.net:27017, hosts=[ist-shared-shard-00-02.n0kts.mongodb.net:27017, ist-shared-shard-00-01.n0kts.mongodb.net:27017, ist-shared-shard-00-00.n0kts.mongodb.net:27017], passives=[], arbiters=[], primary='ist-shared-shard-00-01.n0kts.mongodb.net:27017', tagSet=TagSet{[Tag{name='availabilityZone', value='cac1-az2'}, Tag{name='diskState', value='READY'}, Tag{name='nodeType', value='ELECTABLE'}, Tag{name='provider', value='AWS'}, Tag{name='region', value='CA_CENTRAL_1'}, Tag{name='workloadType', value='OPERATIONAL'}]}, electionId=7fffffff000000000000010d, setVersion=71, topologyVersion=TopologyVersion{processId=677c26ebac34048efa73e114, counter=6}, lastWriteDate=Tue Jan 07 12:06:07 CST 2025, lastUpdateTimeNanos=138665633350833} (org.mongodb.driver.cluster:71)
[2025-01-07 12:06:08,288] INFO [mongodb-sink-connector|task-0] Discovered replica set primary ist-shared-shard-00-01.n0kts.mongodb.net:27017 (org.mongodb.driver.cluster:71)
[2025-01-07 12:19:32,568] INFO [mongodb-sink-connector|task-0] Exception in monitor thread while connecting to server ist-shared-shard-00-02.n0kts.mongodb.net:27017 (org.mongodb.driver.cluster:76)
com.mongodb.MongoSocketReadException: Prematurely reached end of stream
	at com.mongodb.internal.connection.SocketStream.read(SocketStream.java:112)
	at com.mongodb.internal.connection.SocketStream.read(SocketStream.java:135)
	at com.mongodb.internal.connection.InternalStreamConnection.receiveResponseBuffers(InternalStreamConnection.java:713)
	at com.mongodb.internal.connection.InternalStreamConnection.receiveMessageWithAdditionalTimeout(InternalStreamConnection.java:571)
	at com.mongodb.internal.connection.InternalStreamConnection.receiveCommandMessageResponse(InternalStreamConnection.java:410)
	at com.mongodb.internal.connection.InternalStreamConnection.receive(InternalStreamConnection.java:369)
	at com.mongodb.internal.connection.DefaultServerMonitor$ServerMonitorRunnable.lookupServerDescription(DefaultServerMonitor.java:221)
	at com.mongodb.internal.connection.DefaultServerMonitor$ServerMonitorRunnable.run(DefaultServerMonitor.java:157)
	at java.base/java.lang.Thread.run(Thread.java:1575)
[2025-01-07 12:19:33,204] INFO [mongodb-sink-connector|task-0] Opened connection [connectionId{localValue:317, serverValue:114217}] to ist-shared-shard-00-02.n0kts.mongodb.net:27017 (org.mongodb.driver.connection:71)
[2025-01-07 12:19:33,205] INFO [mongodb-sink-connector|task-0] Monitor thread successfully connected to server with description ServerDescription{address=ist-shared-shard-00-02.n0kts.mongodb.net:27017, type=REPLICA_SET_SECONDARY, state=CONNECTED, ok=true, minWireVersion=0, maxWireVersion=25, maxDocumentSize=16777216, logicalSessionTimeoutMinutes=30, roundTripTimeNanos=464804166, setName='atlas-133bp7-shard-0', canonicalAddress=ist-shared-shard-00-02.n0kts.mongodb.net:27017, hosts=[ist-shared-shard-00-02.n0kts.mongodb.net:27017, ist-shared-shard-00-01.n0kts.mongodb.net:27017, ist-shared-shard-00-00.n0kts.mongodb.net:27017], passives=[], arbiters=[], primary='ist-shared-shard-00-01.n0kts.mongodb.net:27017', tagSet=TagSet{[Tag{name='availabilityZone', value='cac1-az4'}, Tag{name='diskState', value='READY'}, Tag{name='nodeType', value='ELECTABLE'}, Tag{name='provider', value='AWS'}, Tag{name='region', value='CA_CENTRAL_1'}, Tag{name='workloadType', value='OPERATIONAL'}]}, electionId=null, setVersion=71, topologyVersion=TopologyVersion{processId=677c21139efd3fe85ee0bc23, counter=9}, lastWriteDate=Tue Jan 07 12:19:32 CST 2025, lastUpdateTimeNanos=139470554417291} (org.mongodb.driver.cluster:71)
