[2025-01-13 19:41:30,776] INFO [ControllerEventThread controllerId=0] Starting (kafka.controller.ControllerEventManager$ControllerEventThread)
[2025-01-13 19:41:30,789] INFO [Controller id=0] 0 successfully elected as the controller. Epoch incremented to 1 and epoch zk version is now 1 (kafka.controller.KafkaController)
[2025-01-13 19:41:30,790] INFO [Controller id=0] Creating FeatureZNode at path: /feature with contents: FeatureZNode(2,Enabled,Map()) (kafka.controller.KafkaController)
[2025-01-13 19:41:30,805] INFO [Controller id=0] Registering handlers (kafka.controller.KafkaController)
[2025-01-13 19:41:30,807] INFO [Controller id=0] Deleting log dir event notifications (kafka.controller.KafkaController)
[2025-01-13 19:41:30,807] INFO [Controller id=0] Deleting isr change notifications (kafka.controller.KafkaController)
[2025-01-13 19:41:30,808] INFO [Controller id=0] Initializing controller context (kafka.controller.KafkaController)
[2025-01-13 19:41:30,812] INFO [Controller id=0] Initialized broker epochs cache: HashMap(0 -> 25) (kafka.controller.KafkaController)
[2025-01-13 19:41:30,813] DEBUG [Controller id=0] Register BrokerModifications handler for Set(0) (kafka.controller.KafkaController)
[2025-01-13 19:41:30,815] DEBUG [Channel manager on controller 0]: Controller 0 trying to connect to broker 0 (kafka.controller.ControllerChannelManager)
[2025-01-13 19:41:30,816] INFO [RequestSendThread controllerId=0] Starting (kafka.controller.RequestSendThread)
[2025-01-13 19:41:30,817] INFO [Controller id=0] Currently active brokers in the cluster: Set(0) (kafka.controller.KafkaController)
[2025-01-13 19:41:30,817] INFO [Controller id=0] Currently shutting brokers in the cluster: HashSet() (kafka.controller.KafkaController)
[2025-01-13 19:41:30,817] INFO [Controller id=0] Current list of topics in the cluster: HashSet() (kafka.controller.KafkaController)
[2025-01-13 19:41:30,817] INFO [Controller id=0] Fetching topic deletions in progress (kafka.controller.KafkaController)
[2025-01-13 19:41:30,818] INFO [Controller id=0] List of topics to be deleted:  (kafka.controller.KafkaController)
[2025-01-13 19:41:30,818] INFO [Controller id=0] List of topics ineligible for deletion:  (kafka.controller.KafkaController)
[2025-01-13 19:41:30,818] INFO [Controller id=0] Initializing topic deletion manager (kafka.controller.KafkaController)
[2025-01-13 19:41:30,818] INFO [Topic Deletion Manager 0] Initializing manager with initial deletions: Set(), initial ineligible deletions: HashSet() (kafka.controller.TopicDeletionManager)
[2025-01-13 19:41:30,819] INFO [Controller id=0] Sending update metadata request (kafka.controller.KafkaController)
[2025-01-13 19:41:30,822] INFO [ReplicaStateMachine controllerId=0] Initializing replica state (kafka.controller.ZkReplicaStateMachine)
[2025-01-13 19:41:30,822] INFO [ReplicaStateMachine controllerId=0] Triggering online replica state changes (kafka.controller.ZkReplicaStateMachine)
[2025-01-13 19:41:30,823] INFO [ReplicaStateMachine controllerId=0] Triggering offline replica state changes (kafka.controller.ZkReplicaStateMachine)
[2025-01-13 19:41:30,823] DEBUG [ReplicaStateMachine controllerId=0] Started replica state machine with initial state -> HashMap() (kafka.controller.ZkReplicaStateMachine)
[2025-01-13 19:41:30,824] INFO [PartitionStateMachine controllerId=0] Initializing partition state (kafka.controller.ZkPartitionStateMachine)
[2025-01-13 19:41:30,824] INFO [PartitionStateMachine controllerId=0] Triggering online partition state changes (kafka.controller.ZkPartitionStateMachine)
[2025-01-13 19:41:30,824] DEBUG [PartitionStateMachine controllerId=0] Started partition state machine with initial state -> HashMap() (kafka.controller.ZkPartitionStateMachine)
[2025-01-13 19:41:30,824] INFO [Controller id=0] Ready to serve as the new controller with epoch 1 (kafka.controller.KafkaController)
[2025-01-13 19:41:30,827] INFO [Controller id=0] Partitions undergoing preferred replica election:  (kafka.controller.KafkaController)
[2025-01-13 19:41:30,827] INFO [Controller id=0] Partitions that completed preferred replica election:  (kafka.controller.KafkaController)
[2025-01-13 19:41:30,827] INFO [Controller id=0] Skipping preferred replica election for partitions due to topic deletion:  (kafka.controller.KafkaController)
[2025-01-13 19:41:30,827] INFO [Controller id=0] Resuming preferred replica election for partitions:  (kafka.controller.KafkaController)
[2025-01-13 19:41:30,827] INFO [Controller id=0] Starting replica leader election (PREFERRED) for partitions  triggered by ZkTriggered (kafka.controller.KafkaController)
[2025-01-13 19:41:30,827] WARN [RequestSendThread controllerId=0] Controller 0's connection to broker 192.168.1.5:9092 (id: 0 rack: null) was unsuccessful (kafka.controller.RequestSendThread)
java.io.IOException: Connection to 192.168.1.5:9092 (id: 0 rack: null) failed.
	at org.apache.kafka.clients.NetworkClientUtils.awaitReady(NetworkClientUtils.java:71)
	at kafka.controller.RequestSendThread.brokerReady(ControllerChannelManager.scala:299)
	at kafka.controller.RequestSendThread.doWork(ControllerChannelManager.scala:252)
	at org.apache.kafka.server.util.ShutdownableThread.run(ShutdownableThread.java:136)
[2025-01-13 19:41:30,832] INFO [Controller id=0] Starting the controller scheduler (kafka.controller.KafkaController)
[2025-01-13 19:41:30,935] INFO [RequestSendThread controllerId=0] Controller 0 connected to 192.168.1.5:9092 (id: 0 rack: null) for sending state change requests (kafka.controller.RequestSendThread)
[2025-01-13 19:41:35,839] INFO [Controller id=0] Processing automatic preferred replica leader election (kafka.controller.KafkaController)
[2025-01-13 19:41:35,840] TRACE [Controller id=0] Checking need to trigger auto leader balancing (kafka.controller.KafkaController)
[2025-01-13 19:41:47,767] INFO [Controller id=0] New topics: [Set(connect-offsets)], deleted topics: [HashSet()], new partition replica assignment [Set(TopicIdReplicaAssignment(connect-offsets,Some(VPeef1OESTeyzaIT_lXPEw),HashMap(connect-offsets-20 -> ReplicaAssignment(replicas=0, addingReplicas=, removingReplicas=), connect-offsets-6 -> ReplicaAssignment(replicas=0, addingReplicas=, removingReplicas=), connect-offsets-17 -> ReplicaAssignment(replicas=0, addingReplicas=, removingReplicas=), connect-offsets-15 -> ReplicaAssignment(replicas=0, addingReplicas=, removingReplicas=), connect-offsets-7 -> ReplicaAssignment(replicas=0, addingReplicas=, removingReplicas=), connect-offsets-24 -> ReplicaAssignment(replicas=0, addingReplicas=, removingReplicas=), connect-offsets-16 -> ReplicaAssignment(replicas=0, addingReplicas=, removingReplicas=), connect-offsets-3 -> ReplicaAssignment(replicas=0, addingReplicas=, removingReplicas=), connect-offsets-21 -> ReplicaAssignment(replicas=0, addingReplicas=, removingReplicas=), connect-offsets-11 -> ReplicaAssignment(replicas=0, addingReplicas=, removingReplicas=), connect-offsets-10 -> ReplicaAssignment(replicas=0, addingReplicas=, removingReplicas=), connect-offsets-2 -> ReplicaAssignment(replicas=0, addingReplicas=, removingReplicas=), connect-offsets-18 -> ReplicaAssignment(replicas=0, addingReplicas=, removingReplicas=), connect-offsets-23 -> ReplicaAssignment(replicas=0, addingReplicas=, removingReplicas=), connect-offsets-4 -> ReplicaAssignment(replicas=0, addingReplicas=, removingReplicas=), connect-offsets-12 -> ReplicaAssignment(replicas=0, addingReplicas=, removingReplicas=), connect-offsets-5 -> ReplicaAssignment(replicas=0, addingReplicas=, removingReplicas=), connect-offsets-13 -> ReplicaAssignment(replicas=0, addingReplicas=, removingReplicas=), connect-offsets-14 -> ReplicaAssignment(replicas=0, addingReplicas=, removingReplicas=), connect-offsets-0 -> ReplicaAssignment(replicas=0, addingReplicas=, removingReplicas=), connect-offsets-8 -> ReplicaAssignment(replicas=0, addingReplicas=, removingReplicas=), connect-offsets-9 -> ReplicaAssignment(replicas=0, addingReplicas=, removingReplicas=), connect-offsets-1 -> ReplicaAssignment(replicas=0, addingReplicas=, removingReplicas=), connect-offsets-19 -> ReplicaAssignment(replicas=0, addingReplicas=, removingReplicas=), connect-offsets-22 -> ReplicaAssignment(replicas=0, addingReplicas=, removingReplicas=))))] (kafka.controller.KafkaController)
[2025-01-13 19:41:47,768] INFO [Controller id=0] New partition creation callback for connect-offsets-20,connect-offsets-6,connect-offsets-17,connect-offsets-15,connect-offsets-7,connect-offsets-24,connect-offsets-16,connect-offsets-3,connect-offsets-21,connect-offsets-11,connect-offsets-10,connect-offsets-2,connect-offsets-18,connect-offsets-23,connect-offsets-4,connect-offsets-12,connect-offsets-5,connect-offsets-13,connect-offsets-14,connect-offsets-0,connect-offsets-8,connect-offsets-9,connect-offsets-1,connect-offsets-19,connect-offsets-22 (kafka.controller.KafkaController)
[2025-01-13 19:41:48,120] INFO [Controller id=0] New topics: [Set(connect-status)], deleted topics: [HashSet()], new partition replica assignment [Set(TopicIdReplicaAssignment(connect-status,Some(dD1UVF_pRYaIifhDNCuCiA),HashMap(connect-status-4 -> ReplicaAssignment(replicas=0, addingReplicas=, removingReplicas=), connect-status-3 -> ReplicaAssignment(replicas=0, addingReplicas=, removingReplicas=), connect-status-2 -> ReplicaAssignment(replicas=0, addingReplicas=, removingReplicas=), connect-status-0 -> ReplicaAssignment(replicas=0, addingReplicas=, removingReplicas=), connect-status-1 -> ReplicaAssignment(replicas=0, addingReplicas=, removingReplicas=))))] (kafka.controller.KafkaController)
[2025-01-13 19:41:48,120] INFO [Controller id=0] New partition creation callback for connect-status-4,connect-status-3,connect-status-2,connect-status-0,connect-status-1 (kafka.controller.KafkaController)
[2025-01-13 19:41:48,200] INFO [Controller id=0] New topics: [Set(connect-configs)], deleted topics: [HashSet()], new partition replica assignment [Set(TopicIdReplicaAssignment(connect-configs,Some(xQ3TLWXbTzON_z8lRAhW6Q),Map(connect-configs-0 -> ReplicaAssignment(replicas=0, addingReplicas=, removingReplicas=))))] (kafka.controller.KafkaController)
[2025-01-13 19:41:48,200] INFO [Controller id=0] New partition creation callback for connect-configs-0 (kafka.controller.KafkaController)
[2025-01-13 19:41:48,248] INFO [Controller id=0] New topics: [Set(__consumer_offsets)], deleted topics: [HashSet()], new partition replica assignment [Set(TopicIdReplicaAssignment(__consumer_offsets,Some(QP7_XJUcSLiKsZ5d3JBq0g),HashMap(__consumer_offsets-22 -> ReplicaAssignment(replicas=0, addingReplicas=, removingReplicas=), __consumer_offsets-30 -> ReplicaAssignment(replicas=0, addingReplicas=, removingReplicas=), __consumer_offsets-25 -> ReplicaAssignment(replicas=0, addingReplicas=, removingReplicas=), __consumer_offsets-35 -> ReplicaAssignment(replicas=0, addingReplicas=, removingReplicas=), __consumer_offsets-37 -> ReplicaAssignment(replicas=0, addingReplicas=, removingReplicas=), __consumer_offsets-38 -> ReplicaAssignment(replicas=0, addingReplicas=, removingReplicas=), __consumer_offsets-13 -> ReplicaAssignment(replicas=0, addingReplicas=, removingReplicas=), __consumer_offsets-8 -> ReplicaAssignment(replicas=0, addingReplicas=, removingReplicas=), __consumer_offsets-21 -> ReplicaAssignment(replicas=0, addingReplicas=, removingReplicas=), __consumer_offsets-4 -> ReplicaAssignment(replicas=0, addingReplicas=, removingReplicas=), __consumer_offsets-27 -> ReplicaAssignment(replicas=0, addingReplicas=, removingReplicas=), __consumer_offsets-7 -> ReplicaAssignment(replicas=0, addingReplicas=, removingReplicas=), __consumer_offsets-9 -> ReplicaAssignment(replicas=0, addingReplicas=, removingReplicas=), __consumer_offsets-46 -> ReplicaAssignment(replicas=0, addingReplicas=, removingReplicas=), __consumer_offsets-41 -> ReplicaAssignment(replicas=0, addingReplicas=, removingReplicas=), __consumer_offsets-33 -> ReplicaAssignment(replicas=0, addingReplicas=, removingReplicas=), __consumer_offsets-23 -> ReplicaAssignment(replicas=0, addingReplicas=, removingReplicas=), __consumer_offsets-49 -> ReplicaAssignment(replicas=0, addingReplicas=, removingReplicas=), __consumer_offsets-47 -> ReplicaAssignment(replicas=0, addingReplicas=, removingReplicas=), __consumer_offsets-16 -> ReplicaAssignment(replicas=0, addingReplicas=, removingReplicas=), __consumer_offsets-28 -> ReplicaAssignment(replicas=0, addingReplicas=, removingReplicas=), __consumer_offsets-31 -> ReplicaAssignment(replicas=0, addingReplicas=, removingReplicas=), __consumer_offsets-36 -> ReplicaAssignment(replicas=0, addingReplicas=, removingReplicas=), __consumer_offsets-42 -> ReplicaAssignment(replicas=0, addingReplicas=, removingReplicas=), __consumer_offsets-3 -> ReplicaAssignment(replicas=0, addingReplicas=, removingReplicas=), __consumer_offsets-18 -> ReplicaAssignment(replicas=0, addingReplicas=, removingReplicas=), __consumer_offsets-15 -> ReplicaAssignment(replicas=0, addingReplicas=, removingReplicas=), __consumer_offsets-24 -> ReplicaAssignment(replicas=0, addingReplicas=, removingReplicas=), __consumer_offsets-17 -> ReplicaAssignment(replicas=0, addingReplicas=, removingReplicas=), __consumer_offsets-48 -> ReplicaAssignment(replicas=0, addingReplicas=, removingReplicas=), __consumer_offsets-19 -> ReplicaAssignment(replicas=0, addingReplicas=, removingReplicas=), __consumer_offsets-11 -> ReplicaAssignment(replicas=0, addingReplicas=, removingReplicas=), __consumer_offsets-2 -> ReplicaAssignment(replicas=0, addingReplicas=, removingReplicas=), __consumer_offsets-43 -> ReplicaAssignment(replicas=0, addingReplicas=, removingReplicas=), __consumer_offsets-6 -> ReplicaAssignment(replicas=0, addingReplicas=, removingReplicas=), __consumer_offsets-14 -> ReplicaAssignment(replicas=0, addingReplicas=, removingReplicas=), __consumer_offsets-20 -> ReplicaAssignment(replicas=0, addingReplicas=, removingReplicas=), __consumer_offsets-0 -> ReplicaAssignment(replicas=0, addingReplicas=, removingReplicas=), __consumer_offsets-44 -> ReplicaAssignment(replicas=0, addingReplicas=, removingReplicas=), __consumer_offsets-39 -> ReplicaAssignment(replicas=0, addingReplicas=, removingReplicas=), __consumer_offsets-12 -> ReplicaAssignment(replicas=0, addingReplicas=, removingReplicas=), __consumer_offsets-45 -> ReplicaAssignment(replicas=0, addingReplicas=, removingReplicas=), __consumer_offsets-1 -> ReplicaAssignment(replicas=0, addingReplicas=, removingReplicas=), __consumer_offsets-5 -> ReplicaAssignment(replicas=0, addingReplicas=, removingReplicas=), __consumer_offsets-26 -> ReplicaAssignment(replicas=0, addingReplicas=, removingReplicas=), __consumer_offsets-29 -> ReplicaAssignment(replicas=0, addingReplicas=, removingReplicas=), __consumer_offsets-34 -> ReplicaAssignment(replicas=0, addingReplicas=, removingReplicas=), __consumer_offsets-10 -> ReplicaAssignment(replicas=0, addingReplicas=, removingReplicas=), __consumer_offsets-32 -> ReplicaAssignment(replicas=0, addingReplicas=, removingReplicas=), __consumer_offsets-40 -> ReplicaAssignment(replicas=0, addingReplicas=, removingReplicas=))))] (kafka.controller.KafkaController)
[2025-01-13 19:41:48,248] INFO [Controller id=0] New partition creation callback for __consumer_offsets-22,__consumer_offsets-30,__consumer_offsets-25,__consumer_offsets-35,__consumer_offsets-37,__consumer_offsets-38,__consumer_offsets-13,__consumer_offsets-8,__consumer_offsets-21,__consumer_offsets-4,__consumer_offsets-27,__consumer_offsets-7,__consumer_offsets-9,__consumer_offsets-46,__consumer_offsets-41,__consumer_offsets-33,__consumer_offsets-23,__consumer_offsets-49,__consumer_offsets-47,__consumer_offsets-16,__consumer_offsets-28,__consumer_offsets-31,__consumer_offsets-36,__consumer_offsets-42,__consumer_offsets-3,__consumer_offsets-18,__consumer_offsets-15,__consumer_offsets-24,__consumer_offsets-17,__consumer_offsets-48,__consumer_offsets-19,__consumer_offsets-11,__consumer_offsets-2,__consumer_offsets-43,__consumer_offsets-6,__consumer_offsets-14,__consumer_offsets-20,__consumer_offsets-0,__consumer_offsets-44,__consumer_offsets-39,__consumer_offsets-12,__consumer_offsets-45,__consumer_offsets-1,__consumer_offsets-5,__consumer_offsets-26,__consumer_offsets-29,__consumer_offsets-34,__consumer_offsets-10,__consumer_offsets-32,__consumer_offsets-40 (kafka.controller.KafkaController)
[2025-01-13 19:42:31,926] INFO [Controller id=0] New topics: [HashSet(db.history.internal)], deleted topics: [HashSet()], new partition replica assignment [Set(TopicIdReplicaAssignment(db.history.internal,Some(3r366RaKQiyRZ4ELPjFJHQ),Map(db.history.internal-0 -> ReplicaAssignment(replicas=0, addingReplicas=, removingReplicas=))))] (kafka.controller.KafkaController)
[2025-01-13 19:42:31,926] INFO [Controller id=0] New partition creation callback for db.history.internal-0 (kafka.controller.KafkaController)
[2025-01-13 19:42:33,005] INFO [Controller id=0] New topics: [HashSet(kafka.leafy_factory.factories)], deleted topics: [HashSet()], new partition replica assignment [Set(TopicIdReplicaAssignment(kafka.leafy_factory.factories,Some(PEpaNvMpT46RzPJ0GoQjoQ),Map(kafka.leafy_factory.factories-0 -> ReplicaAssignment(replicas=0, addingReplicas=, removingReplicas=))))] (kafka.controller.KafkaController)
[2025-01-13 19:42:33,005] INFO [Controller id=0] New partition creation callback for kafka.leafy_factory.factories-0 (kafka.controller.KafkaController)
[2025-01-13 19:42:33,143] INFO [Controller id=0] New topics: [HashSet(kafka.leafy_factory.jobs)], deleted topics: [HashSet()], new partition replica assignment [Set(TopicIdReplicaAssignment(kafka.leafy_factory.jobs,Some(skiD1s_3REW5qYKFl0meVw),Map(kafka.leafy_factory.jobs-0 -> ReplicaAssignment(replicas=0, addingReplicas=, removingReplicas=))))] (kafka.controller.KafkaController)
[2025-01-13 19:42:33,144] INFO [Controller id=0] New partition creation callback for kafka.leafy_factory.jobs-0 (kafka.controller.KafkaController)
[2025-01-13 19:42:33,286] INFO [Controller id=0] New topics: [HashSet(kafka.leafy_factory.jobs_machines)], deleted topics: [HashSet()], new partition replica assignment [Set(TopicIdReplicaAssignment(kafka.leafy_factory.jobs_machines,Some(dnmnmSvhSeCukOPAr_s--w),Map(kafka.leafy_factory.jobs_machines-0 -> ReplicaAssignment(replicas=0, addingReplicas=, removingReplicas=))))] (kafka.controller.KafkaController)
[2025-01-13 19:42:33,286] INFO [Controller id=0] New partition creation callback for kafka.leafy_factory.jobs_machines-0 (kafka.controller.KafkaController)
[2025-01-13 19:42:33,409] INFO [Controller id=0] New topics: [HashSet(kafka.leafy_factory.machines)], deleted topics: [HashSet()], new partition replica assignment [Set(TopicIdReplicaAssignment(kafka.leafy_factory.machines,Some(AAmeeJgdSX-syCB1159qOA),Map(kafka.leafy_factory.machines-0 -> ReplicaAssignment(replicas=0, addingReplicas=, removingReplicas=))))] (kafka.controller.KafkaController)
[2025-01-13 19:42:33,409] INFO [Controller id=0] New partition creation callback for kafka.leafy_factory.machines-0 (kafka.controller.KafkaController)
[2025-01-13 19:42:33,553] INFO [Controller id=0] New topics: [HashSet(kafka.leafy_factory.product_cost)], deleted topics: [HashSet()], new partition replica assignment [Set(TopicIdReplicaAssignment(kafka.leafy_factory.product_cost,Some(4Gskz7jNQPKIgwTXAbWsfQ),Map(kafka.leafy_factory.product_cost-0 -> ReplicaAssignment(replicas=0, addingReplicas=, removingReplicas=))))] (kafka.controller.KafkaController)
[2025-01-13 19:42:33,553] INFO [Controller id=0] New partition creation callback for kafka.leafy_factory.product_cost-0 (kafka.controller.KafkaController)
[2025-01-13 19:42:33,710] INFO [Controller id=0] New topics: [HashSet(kafka.leafy_factory.production_data)], deleted topics: [HashSet()], new partition replica assignment [Set(TopicIdReplicaAssignment(kafka.leafy_factory.production_data,Some(dKiO051NQl642wKnRUw2UA),Map(kafka.leafy_factory.production_data-0 -> ReplicaAssignment(replicas=0, addingReplicas=, removingReplicas=))))] (kafka.controller.KafkaController)
[2025-01-13 19:42:33,710] INFO [Controller id=0] New partition creation callback for kafka.leafy_factory.production_data-0 (kafka.controller.KafkaController)
[2025-01-13 19:42:33,865] INFO [Controller id=0] New topics: [HashSet(kafka.leafy_factory.production_lines)], deleted topics: [HashSet()], new partition replica assignment [Set(TopicIdReplicaAssignment(kafka.leafy_factory.production_lines,Some(XFGJ1SilTnm0_u6_YAo3lw),Map(kafka.leafy_factory.production_lines-0 -> ReplicaAssignment(replicas=0, addingReplicas=, removingReplicas=))))] (kafka.controller.KafkaController)
[2025-01-13 19:42:33,865] INFO [Controller id=0] New partition creation callback for kafka.leafy_factory.production_lines-0 (kafka.controller.KafkaController)
[2025-01-13 19:42:34,001] INFO [Controller id=0] New topics: [HashSet(kafka.leafy_factory.products)], deleted topics: [HashSet()], new partition replica assignment [Set(TopicIdReplicaAssignment(kafka.leafy_factory.products,Some(o1062wuPS1KOL8lnz5u3kg),Map(kafka.leafy_factory.products-0 -> ReplicaAssignment(replicas=0, addingReplicas=, removingReplicas=))))] (kafka.controller.KafkaController)
[2025-01-13 19:42:34,002] INFO [Controller id=0] New partition creation callback for kafka.leafy_factory.products-0 (kafka.controller.KafkaController)
[2025-01-13 19:42:34,141] INFO [Controller id=0] New topics: [HashSet(kafka.leafy_factory.products_raw_materials)], deleted topics: [HashSet()], new partition replica assignment [Set(TopicIdReplicaAssignment(kafka.leafy_factory.products_raw_materials,Some(l63uwIHNQLiCR1L2T_sFuA),Map(kafka.leafy_factory.products_raw_materials-0 -> ReplicaAssignment(replicas=0, addingReplicas=, removingReplicas=))))] (kafka.controller.KafkaController)
[2025-01-13 19:42:34,141] INFO [Controller id=0] New partition creation callback for kafka.leafy_factory.products_raw_materials-0 (kafka.controller.KafkaController)
[2025-01-13 19:42:34,274] INFO [Controller id=0] New topics: [HashSet(kafka.leafy_factory.raw_materials)], deleted topics: [HashSet()], new partition replica assignment [Set(TopicIdReplicaAssignment(kafka.leafy_factory.raw_materials,Some(lQbkf6-JQ7qznh12nn0u_w),Map(kafka.leafy_factory.raw_materials-0 -> ReplicaAssignment(replicas=0, addingReplicas=, removingReplicas=))))] (kafka.controller.KafkaController)
[2025-01-13 19:42:34,274] INFO [Controller id=0] New partition creation callback for kafka.leafy_factory.raw_materials-0 (kafka.controller.KafkaController)
[2025-01-13 19:42:34,431] INFO [Controller id=0] New topics: [HashSet(kafka.leafy_factory.work_orders)], deleted topics: [HashSet()], new partition replica assignment [Set(TopicIdReplicaAssignment(kafka.leafy_factory.work_orders,Some(s0Kf6iqcRQSc0_f10pXKFw),Map(kafka.leafy_factory.work_orders-0 -> ReplicaAssignment(replicas=0, addingReplicas=, removingReplicas=))))] (kafka.controller.KafkaController)
[2025-01-13 19:42:34,432] INFO [Controller id=0] New partition creation callback for kafka.leafy_factory.work_orders-0 (kafka.controller.KafkaController)
[2025-01-13 19:46:35,849] INFO [Controller id=0] Processing automatic preferred replica leader election (kafka.controller.KafkaController)
[2025-01-13 19:46:35,850] TRACE [Controller id=0] Checking need to trigger auto leader balancing (kafka.controller.KafkaController)
[2025-01-13 19:46:35,860] DEBUG [Controller id=0] Topics not in preferred replica for broker 0 HashMap() (kafka.controller.KafkaController)
[2025-01-13 19:46:35,864] TRACE [Controller id=0] Leader imbalance ratio for broker 0 is 0.0 (kafka.controller.KafkaController)
