[2025-01-16T11:15:48.001-0600][gc,init] CardTable entry size: 512
[2025-01-16T11:15:48.001-0600][gc     ] Using G1
[2025-01-16T11:15:48.002-0600][gc,init] Version: 23+37-2369 (release)
[2025-01-16T11:15:48.002-0600][gc,init] CPUs: 11 total, 11 available
[2025-01-16T11:15:48.002-0600][gc,init] Memory: 18432M
[2025-01-16T11:15:48.002-0600][gc,init] Large Page Support: Disabled
[2025-01-16T11:15:48.002-0600][gc,init] NUMA Support: Disabled
[2025-01-16T11:15:48.002-0600][gc,init] Compressed Oops: Enabled (Zero based)
[2025-01-16T11:15:48.002-0600][gc,init] Heap Region Size: 1M
[2025-01-16T11:15:48.002-0600][gc,init] Heap Min Capacity: 1G
[2025-01-16T11:15:48.002-0600][gc,init] Heap Initial Capacity: 1G
[2025-01-16T11:15:48.002-0600][gc,init] Heap Max Capacity: 1G
[2025-01-16T11:15:48.002-0600][gc,init] Pre-touch: Disabled
[2025-01-16T11:15:48.002-0600][gc,init] Parallel Workers: 9
[2025-01-16T11:15:48.002-0600][gc,init] Concurrent Workers: 2
[2025-01-16T11:15:48.002-0600][gc,init] Concurrent Refinement Workers: 9
[2025-01-16T11:15:48.002-0600][gc,init] Periodic GC: Disabled
[2025-01-16T11:15:48.005-0600][gc,metaspace] CDS archive(s) mapped at: [0x00000fff00000000-0x00000fff00d94000-0x00000fff00d94000), size 14237696, SharedBaseAddress: 0x00000fff00000000, ArchiveRelocationMode: 1.
[2025-01-16T11:15:48.005-0600][gc,metaspace] Compressed class space mapped at: 0x00000fff01000000-0x00000fff41000000, reserved size: 1073741824
[2025-01-16T11:15:48.005-0600][gc,metaspace] Narrow klass base: 0x00000fff00000000, Narrow klass shift: 0, Narrow klass range: 0x100000000
[2025-01-16T11:15:48.520-0600][gc,start    ] GC(0) Pause Young (Normal) (G1 Evacuation Pause)
[2025-01-16T11:15:48.521-0600][gc,task     ] GC(0) Using 9 workers of 9 for evacuation
[2025-01-16T11:15:48.523-0600][gc,phases   ] GC(0)   Pre Evacuate Collection Set: 0.13ms
[2025-01-16T11:15:48.523-0600][gc,phases   ] GC(0)   Merge Heap Roots: 0.04ms
[2025-01-16T11:15:48.523-0600][gc,phases   ] GC(0)   Evacuate Collection Set: 1.50ms
[2025-01-16T11:15:48.523-0600][gc,phases   ] GC(0)   Post Evacuate Collection Set: 0.14ms
[2025-01-16T11:15:48.523-0600][gc,phases   ] GC(0)   Other: 0.24ms
[2025-01-16T11:15:48.523-0600][gc,heap     ] GC(0) Eden regions: 51->0(44)
[2025-01-16T11:15:48.523-0600][gc,heap     ] GC(0) Survivor regions: 0->7(7)
[2025-01-16T11:15:48.523-0600][gc,heap     ] GC(0) Old regions: 2->3
[2025-01-16T11:15:48.523-0600][gc,heap     ] GC(0) Humongous regions: 0->0
[2025-01-16T11:15:48.523-0600][gc,metaspace] GC(0) Metaspace: 16748K(17024K)->16748K(17024K) NonClass: 14711K(14848K)->14711K(14848K) Class: 2036K(2176K)->2036K(2176K)
[2025-01-16T11:15:48.523-0600][gc          ] GC(0) Pause Young (Normal) (G1 Evacuation Pause) 52M->9M(1024M) 2.258ms
[2025-01-16T11:15:48.523-0600][gc,cpu      ] GC(0) User=0.01s Sys=0.01s Real=0.00s
[2025-01-16T11:15:48.632-0600][gc,start    ] GC(1) Pause Young (Concurrent Start) (Metadata GC Threshold)
[2025-01-16T11:15:48.632-0600][gc,task     ] GC(1) Using 9 workers of 9 for evacuation
[2025-01-16T11:15:48.634-0600][gc,phases   ] GC(1)   Pre Evacuate Collection Set: 0.16ms
[2025-01-16T11:15:48.634-0600][gc,phases   ] GC(1)   Merge Heap Roots: 0.05ms
[2025-01-16T11:15:48.634-0600][gc,phases   ] GC(1)   Evacuate Collection Set: 1.28ms
[2025-01-16T11:15:48.634-0600][gc,phases   ] GC(1)   Post Evacuate Collection Set: 0.16ms
[2025-01-16T11:15:48.634-0600][gc,phases   ] GC(1)   Other: 0.05ms
[2025-01-16T11:15:48.634-0600][gc,heap     ] GC(1) Eden regions: 18->0(49)
[2025-01-16T11:15:48.634-0600][gc,heap     ] GC(1) Survivor regions: 7->2(7)
[2025-01-16T11:15:48.634-0600][gc,heap     ] GC(1) Old regions: 3->11
[2025-01-16T11:15:48.634-0600][gc,heap     ] GC(1) Humongous regions: 0->0
[2025-01-16T11:15:48.634-0600][gc,metaspace] GC(1) Metaspace: 21321K(21504K)->21321K(21504K) NonClass: 18719K(18816K)->18719K(18816K) Class: 2601K(2688K)->2601K(2688K)
[2025-01-16T11:15:48.634-0600][gc          ] GC(1) Pause Young (Concurrent Start) (Metadata GC Threshold) 26M->10M(1024M) 1.843ms
[2025-01-16T11:15:48.634-0600][gc          ] GC(2) Concurrent Mark Cycle
[2025-01-16T11:15:48.634-0600][gc,cpu      ] GC(1) User=0.01s Sys=0.01s Real=0.00s
[2025-01-16T11:15:48.634-0600][gc,marking  ] GC(2) Concurrent Scan Root Regions
[2025-01-16T11:15:48.635-0600][gc,marking  ] GC(2) Concurrent Scan Root Regions 0.873ms
[2025-01-16T11:15:48.635-0600][gc,marking  ] GC(2) Concurrent Mark
[2025-01-16T11:15:48.635-0600][gc,marking  ] GC(2) Concurrent Mark From Roots
[2025-01-16T11:15:48.635-0600][gc,task     ] GC(2) Using 2 workers of 2 for marking
[2025-01-16T11:15:48.635-0600][gc,marking  ] GC(2) Concurrent Mark From Roots 0.549ms
[2025-01-16T11:15:48.635-0600][gc,marking  ] GC(2) Concurrent Preclean
[2025-01-16T11:15:48.635-0600][gc,marking  ] GC(2) Concurrent Preclean 0.010ms
[2025-01-16T11:15:48.635-0600][gc,start    ] GC(2) Pause Remark
[2025-01-16T11:15:48.636-0600][gc          ] GC(2) Pause Remark 11M->11M(1024M) 0.735ms
[2025-01-16T11:15:48.636-0600][gc,cpu      ] GC(2) User=0.00s Sys=0.00s Real=0.00s
[2025-01-16T11:15:48.636-0600][gc,marking  ] GC(2) Concurrent Mark 1.381ms
[2025-01-16T11:15:48.636-0600][gc,marking  ] GC(2) Concurrent Rebuild Remembered Sets and Scrub Regions
[2025-01-16T11:15:48.637-0600][gc,marking  ] GC(2) Concurrent Rebuild Remembered Sets and Scrub Regions 0.891ms
[2025-01-16T11:15:48.637-0600][gc,start    ] GC(2) Pause Cleanup
[2025-01-16T11:15:48.637-0600][gc          ] GC(2) Pause Cleanup 11M->11M(1024M) 0.016ms
[2025-01-16T11:15:48.637-0600][gc,cpu      ] GC(2) User=0.00s Sys=0.00s Real=0.00s
[2025-01-16T11:15:48.637-0600][gc,marking  ] GC(2) Concurrent Clear Claimed Marks
[2025-01-16T11:15:48.637-0600][gc,marking  ] GC(2) Concurrent Clear Claimed Marks 0.009ms
[2025-01-16T11:15:48.637-0600][gc,marking  ] GC(2) Concurrent Cleanup for Next Mark
[2025-01-16T11:15:48.638-0600][gc,marking  ] GC(2) Concurrent Cleanup for Next Mark 0.782ms
[2025-01-16T11:15:48.638-0600][gc          ] GC(2) Concurrent Mark Cycle 4.092ms
[2025-01-16T11:15:48.895-0600][gc,start    ] GC(3) Pause Young (Prepare Mixed) (G1 Evacuation Pause)
[2025-01-16T11:15:48.895-0600][gc,task     ] GC(3) Using 9 workers of 9 for evacuation
[2025-01-16T11:15:48.897-0600][gc,phases   ] GC(3)   Pre Evacuate Collection Set: 0.15ms
[2025-01-16T11:15:48.897-0600][gc,phases   ] GC(3)   Merge Heap Roots: 0.05ms
[2025-01-16T11:15:48.897-0600][gc,phases   ] GC(3)   Evacuate Collection Set: 1.29ms
[2025-01-16T11:15:48.897-0600][gc,phases   ] GC(3)   Post Evacuate Collection Set: 0.17ms
[2025-01-16T11:15:48.897-0600][gc,phases   ] GC(3)   Other: 0.04ms
[2025-01-16T11:15:48.897-0600][gc,heap     ] GC(3) Eden regions: 49->0(44)
[2025-01-16T11:15:48.897-0600][gc,heap     ] GC(3) Survivor regions: 2->7(7)
[2025-01-16T11:15:48.897-0600][gc,heap     ] GC(3) Old regions: 11->11
[2025-01-16T11:15:48.897-0600][gc,heap     ] GC(3) Humongous regions: 129->129
[2025-01-16T11:15:48.897-0600][gc,metaspace] GC(3) Metaspace: 32594K(32832K)->32594K(32832K) NonClass: 28951K(29120K)->28951K(29120K) Class: 3642K(3712K)->3642K(3712K)
[2025-01-16T11:15:48.897-0600][gc          ] GC(3) Pause Young (Prepare Mixed) (G1 Evacuation Pause) 188M->145M(1024M) 1.847ms
[2025-01-16T11:15:48.897-0600][gc,cpu      ] GC(3) User=0.01s Sys=0.00s Real=0.00s
[2025-01-16T11:15:49.037-0600][gc,start    ] GC(4) Pause Young (Mixed) (Metadata GC Threshold)
[2025-01-16T11:15:49.037-0600][gc,task     ] GC(4) Using 9 workers of 9 for evacuation
[2025-01-16T11:15:49.039-0600][gc,phases   ] GC(4)   Pre Evacuate Collection Set: 0.15ms
[2025-01-16T11:15:49.039-0600][gc,phases   ] GC(4)   Merge Heap Roots: 0.05ms
[2025-01-16T11:15:49.039-0600][gc,phases   ] GC(4)   Evacuate Collection Set: 1.39ms
[2025-01-16T11:15:49.039-0600][gc,phases   ] GC(4)   Post Evacuate Collection Set: 0.14ms
[2025-01-16T11:15:49.039-0600][gc,phases   ] GC(4)   Other: 0.05ms
[2025-01-16T11:15:49.039-0600][gc,heap     ] GC(4) Eden regions: 13->0(49)
[2025-01-16T11:15:49.039-0600][gc,heap     ] GC(4) Survivor regions: 7->2(7)
[2025-01-16T11:15:49.039-0600][gc,heap     ] GC(4) Old regions: 11->16
[2025-01-16T11:15:49.039-0600][gc,heap     ] GC(4) Humongous regions: 129->129
[2025-01-16T11:15:49.039-0600][gc,metaspace] GC(4) Metaspace: 35692K(35968K)->35692K(35968K) NonClass: 31628K(31744K)->31628K(31744K) Class: 4063K(4224K)->4063K(4224K)
[2025-01-16T11:15:49.039-0600][gc          ] GC(4) Pause Young (Mixed) (Metadata GC Threshold) 157M->145M(1024M) 1.959ms
[2025-01-16T11:15:49.039-0600][gc,cpu      ] GC(4) User=0.01s Sys=0.01s Real=0.00s
[2025-01-16T11:15:49.046-0600][gc,start    ] GC(5) Pause Young (Concurrent Start) (Metadata GC Threshold)
[2025-01-16T11:15:49.046-0600][gc,task     ] GC(5) Using 9 workers of 9 for evacuation
[2025-01-16T11:15:49.047-0600][gc,phases   ] GC(5)   Pre Evacuate Collection Set: 0.12ms
[2025-01-16T11:15:49.047-0600][gc,phases   ] GC(5)   Merge Heap Roots: 0.03ms
[2025-01-16T11:15:49.047-0600][gc,phases   ] GC(5)   Evacuate Collection Set: 0.34ms
[2025-01-16T11:15:49.047-0600][gc,phases   ] GC(5)   Post Evacuate Collection Set: 0.13ms
[2025-01-16T11:15:49.047-0600][gc,phases   ] GC(5)   Other: 0.04ms
[2025-01-16T11:15:49.047-0600][gc,heap     ] GC(5) Eden regions: 2->0(50)
[2025-01-16T11:15:49.047-0600][gc,heap     ] GC(5) Survivor regions: 2->1(7)
[2025-01-16T11:15:49.047-0600][gc,heap     ] GC(5) Old regions: 16->16
[2025-01-16T11:15:49.047-0600][gc,heap     ] GC(5) Humongous regions: 129->129
[2025-01-16T11:15:49.047-0600][gc,metaspace] GC(5) Metaspace: 35989K(36288K)->35989K(36288K) NonClass: 31883K(32064K)->31883K(32064K) Class: 4106K(4224K)->4106K(4224K)
[2025-01-16T11:15:49.047-0600][gc          ] GC(5) Pause Young (Concurrent Start) (Metadata GC Threshold) 147M->145M(1024M) 0.816ms
[2025-01-16T11:15:49.047-0600][gc,cpu      ] GC(5) User=0.00s Sys=0.00s Real=0.00s
[2025-01-16T11:15:49.047-0600][gc          ] GC(6) Concurrent Mark Cycle
[2025-01-16T11:15:49.047-0600][gc,marking  ] GC(6) Concurrent Scan Root Regions
[2025-01-16T11:15:49.048-0600][gc,marking  ] GC(6) Concurrent Scan Root Regions 0.558ms
[2025-01-16T11:15:49.048-0600][gc,marking  ] GC(6) Concurrent Mark
[2025-01-16T11:15:49.048-0600][gc,marking  ] GC(6) Concurrent Mark From Roots
[2025-01-16T11:15:49.048-0600][gc,task     ] GC(6) Using 2 workers of 2 for marking
[2025-01-16T11:15:49.052-0600][gc,marking  ] GC(6) Concurrent Mark From Roots 4.868ms
[2025-01-16T11:15:49.052-0600][gc,marking  ] GC(6) Concurrent Preclean
[2025-01-16T11:15:49.053-0600][gc,marking  ] GC(6) Concurrent Preclean 0.022ms
[2025-01-16T11:15:49.053-0600][gc,start    ] GC(6) Pause Remark
[2025-01-16T11:15:49.053-0600][gc          ] GC(6) Pause Remark 146M->146M(1024M) 0.869ms
[2025-01-16T11:15:49.053-0600][gc,cpu      ] GC(6) User=0.00s Sys=0.00s Real=0.00s
[2025-01-16T11:15:49.053-0600][gc,marking  ] GC(6) Concurrent Mark 5.875ms
[2025-01-16T11:15:49.053-0600][gc,marking  ] GC(6) Concurrent Rebuild Remembered Sets and Scrub Regions
[2025-01-16T11:15:49.056-0600][gc,marking  ] GC(6) Concurrent Rebuild Remembered Sets and Scrub Regions 2.238ms
[2025-01-16T11:15:49.056-0600][gc,start    ] GC(6) Pause Cleanup
[2025-01-16T11:15:49.056-0600][gc          ] GC(6) Pause Cleanup 147M->147M(1024M) 0.022ms
[2025-01-16T11:15:49.056-0600][gc,cpu      ] GC(6) User=0.00s Sys=0.00s Real=0.00s
[2025-01-16T11:15:49.056-0600][gc,marking  ] GC(6) Concurrent Clear Claimed Marks
[2025-01-16T11:15:49.056-0600][gc,marking  ] GC(6) Concurrent Clear Claimed Marks 0.013ms
[2025-01-16T11:15:49.056-0600][gc,marking  ] GC(6) Concurrent Cleanup for Next Mark
[2025-01-16T11:15:49.057-0600][gc,marking  ] GC(6) Concurrent Cleanup for Next Mark 0.694ms
[2025-01-16T11:15:49.057-0600][gc          ] GC(6) Concurrent Mark Cycle 9.571ms
[2025-01-16T11:16:17.966-0600][gc,start    ] GC(7) Pause Young (Prepare Mixed) (G1 Evacuation Pause)
[2025-01-16T11:16:17.966-0600][gc,task     ] GC(7) Using 9 workers of 9 for evacuation
[2025-01-16T11:16:17.974-0600][gc,phases   ] GC(7)   Pre Evacuate Collection Set: 0.49ms
[2025-01-16T11:16:17.974-0600][gc,phases   ] GC(7)   Merge Heap Roots: 0.17ms
[2025-01-16T11:16:17.974-0600][gc,phases   ] GC(7)   Evacuate Collection Set: 5.35ms
[2025-01-16T11:16:17.974-0600][gc,phases   ] GC(7)   Post Evacuate Collection Set: 0.97ms
[2025-01-16T11:16:17.974-0600][gc,phases   ] GC(7)   Other: 0.17ms
[2025-01-16T11:16:17.974-0600][gc,heap     ] GC(7) Eden regions: 50->0(46)
[2025-01-16T11:16:17.974-0600][gc,heap     ] GC(7) Survivor regions: 1->5(7)
[2025-01-16T11:16:17.974-0600][gc,heap     ] GC(7) Old regions: 16->16
[2025-01-16T11:16:17.974-0600][gc,heap     ] GC(7) Humongous regions: 129->129
[2025-01-16T11:16:17.974-0600][gc,metaspace] GC(7) Metaspace: 41999K(42560K)->41999K(42560K) NonClass: 36904K(37248K)->36904K(37248K) Class: 5095K(5312K)->5095K(5312K)
[2025-01-16T11:16:17.974-0600][gc          ] GC(7) Pause Young (Prepare Mixed) (G1 Evacuation Pause) 195M->149M(1024M) 7.980ms
[2025-01-16T11:16:17.974-0600][gc,cpu      ] GC(7) User=0.03s Sys=0.00s Real=0.01s
[2025-01-16T11:18:36.105-0600][gc,start    ] GC(8) Pause Young (Mixed) (G1 Evacuation Pause)
[2025-01-16T11:18:36.105-0600][gc,task     ] GC(8) Using 9 workers of 9 for evacuation
[2025-01-16T11:18:36.107-0600][gc,phases   ] GC(8)   Pre Evacuate Collection Set: 0.15ms
[2025-01-16T11:18:36.108-0600][gc,phases   ] GC(8)   Merge Heap Roots: 0.04ms
[2025-01-16T11:18:36.108-0600][gc,phases   ] GC(8)   Evacuate Collection Set: 1.82ms
[2025-01-16T11:18:36.108-0600][gc,phases   ] GC(8)   Post Evacuate Collection Set: 0.20ms
[2025-01-16T11:18:36.108-0600][gc,phases   ] GC(8)   Other: 0.05ms
[2025-01-16T11:18:36.108-0600][gc,heap     ] GC(8) Eden regions: 46->0(46)
[2025-01-16T11:18:36.108-0600][gc,heap     ] GC(8) Survivor regions: 5->5(7)
[2025-01-16T11:18:36.108-0600][gc,heap     ] GC(8) Old regions: 16->20
[2025-01-16T11:18:36.108-0600][gc,heap     ] GC(8) Humongous regions: 129->129
[2025-01-16T11:18:36.108-0600][gc,metaspace] GC(8) Metaspace: 43257K(43904K)->43257K(43904K) NonClass: 38064K(38400K)->38064K(38400K) Class: 5192K(5504K)->5192K(5504K)
[2025-01-16T11:18:36.108-0600][gc          ] GC(8) Pause Young (Mixed) (G1 Evacuation Pause) 195M->153M(1024M) 2.493ms
[2025-01-16T11:18:36.108-0600][gc,cpu      ] GC(8) User=0.02s Sys=0.00s Real=0.00s
[2025-01-16T11:21:08.194-0600][gc,start    ] GC(9) Pause Young (Normal) (G1 Evacuation Pause)
[2025-01-16T11:21:08.194-0600][gc,task     ] GC(9) Using 9 workers of 9 for evacuation
[2025-01-16T11:21:08.205-0600][gc,phases   ] GC(9)   Pre Evacuate Collection Set: 1.15ms
[2025-01-16T11:21:08.205-0600][gc,phases   ] GC(9)   Merge Heap Roots: 0.33ms
[2025-01-16T11:21:08.205-0600][gc,phases   ] GC(9)   Evacuate Collection Set: 7.86ms
[2025-01-16T11:21:08.205-0600][gc,phases   ] GC(9)   Post Evacuate Collection Set: 0.59ms
[2025-01-16T11:21:08.205-0600][gc,phases   ] GC(9)   Other: 0.19ms
[2025-01-16T11:21:08.205-0600][gc,heap     ] GC(9) Eden regions: 46->0(48)
[2025-01-16T11:21:08.205-0600][gc,heap     ] GC(9) Survivor regions: 5->3(7)
[2025-01-16T11:21:08.205-0600][gc,heap     ] GC(9) Old regions: 20->22
[2025-01-16T11:21:08.205-0600][gc,heap     ] GC(9) Humongous regions: 129->129
[2025-01-16T11:21:08.205-0600][gc,metaspace] GC(9) Metaspace: 43490K(44160K)->43490K(44160K) NonClass: 38256K(38656K)->38256K(38656K) Class: 5234K(5504K)->5234K(5504K)
[2025-01-16T11:21:08.205-0600][gc          ] GC(9) Pause Young (Normal) (G1 Evacuation Pause) 199M->153M(1024M) 10.860ms
[2025-01-16T11:21:08.205-0600][gc,cpu      ] GC(9) User=0.04s Sys=0.01s Real=0.01s
[2025-01-16T11:24:00.390-0600][gc,start    ] GC(10) Pause Young (Normal) (G1 Evacuation Pause)
[2025-01-16T11:24:00.390-0600][gc,task     ] GC(10) Using 9 workers of 9 for evacuation
[2025-01-16T11:24:00.396-0600][gc,phases   ] GC(10)   Pre Evacuate Collection Set: 0.24ms
[2025-01-16T11:24:00.396-0600][gc,phases   ] GC(10)   Merge Heap Roots: 0.07ms
[2025-01-16T11:24:00.396-0600][gc,phases   ] GC(10)   Evacuate Collection Set: 4.71ms
[2025-01-16T11:24:00.396-0600][gc,phases   ] GC(10)   Post Evacuate Collection Set: 0.37ms
[2025-01-16T11:24:00.396-0600][gc,phases   ] GC(10)   Other: 0.20ms
[2025-01-16T11:24:00.396-0600][gc,heap     ] GC(10) Eden regions: 48->0(45)
[2025-01-16T11:24:00.396-0600][gc,heap     ] GC(10) Survivor regions: 3->6(7)
[2025-01-16T11:24:00.396-0600][gc,heap     ] GC(10) Old regions: 22->22
[2025-01-16T11:24:00.396-0600][gc,heap     ] GC(10) Humongous regions: 129->129
[2025-01-16T11:24:00.396-0600][gc,metaspace] GC(10) Metaspace: 43577K(44224K)->43577K(44224K) NonClass: 38337K(38656K)->38337K(38656K) Class: 5239K(5568K)->5239K(5568K)
[2025-01-16T11:24:00.396-0600][gc          ] GC(10) Pause Young (Normal) (G1 Evacuation Pause) 201M->156M(1024M) 6.530ms
[2025-01-16T11:24:00.397-0600][gc,cpu      ] GC(10) User=0.02s Sys=0.00s Real=0.00s
[2025-01-16T11:26:42.489-0600][gc,start    ] GC(11) Pause Young (Normal) (G1 Evacuation Pause)
[2025-01-16T11:26:42.491-0600][gc,task     ] GC(11) Using 9 workers of 9 for evacuation
[2025-01-16T11:26:42.500-0600][gc,phases   ] GC(11)   Pre Evacuate Collection Set: 0.49ms
[2025-01-16T11:26:42.501-0600][gc,phases   ] GC(11)   Merge Heap Roots: 0.17ms
[2025-01-16T11:26:42.501-0600][gc,phases   ] GC(11)   Evacuate Collection Set: 8.32ms
[2025-01-16T11:26:42.501-0600][gc,phases   ] GC(11)   Post Evacuate Collection Set: 0.43ms
[2025-01-16T11:26:42.501-0600][gc,phases   ] GC(11)   Other: 0.39ms
[2025-01-16T11:26:42.501-0600][gc,heap     ] GC(11) Eden regions: 45->0(46)
[2025-01-16T11:26:42.501-0600][gc,heap     ] GC(11) Survivor regions: 6->5(7)
[2025-01-16T11:26:42.501-0600][gc,heap     ] GC(11) Old regions: 22->27
[2025-01-16T11:26:42.501-0600][gc,heap     ] GC(11) Humongous regions: 129->129
[2025-01-16T11:26:42.501-0600][gc,metaspace] GC(11) Metaspace: 43656K(44288K)->43656K(44288K) NonClass: 38400K(38720K)->38400K(38720K) Class: 5255K(5568K)->5255K(5568K)
[2025-01-16T11:26:42.501-0600][gc          ] GC(11) Pause Young (Normal) (G1 Evacuation Pause) 201M->160M(1024M) 11.803ms
[2025-01-16T11:26:42.501-0600][gc,cpu      ] GC(11) User=0.05s Sys=0.01s Real=0.02s
[2025-01-16T11:29:37.018-0600][gc,start    ] GC(12) Pause Young (Normal) (G1 Evacuation Pause)
[2025-01-16T11:29:37.019-0600][gc,task     ] GC(12) Using 9 workers of 9 for evacuation
[2025-01-16T11:29:37.029-0600][gc,phases   ] GC(12)   Pre Evacuate Collection Set: 1.43ms
[2025-01-16T11:29:37.029-0600][gc,phases   ] GC(12)   Merge Heap Roots: 0.38ms
[2025-01-16T11:29:37.029-0600][gc,phases   ] GC(12)   Evacuate Collection Set: 7.64ms
[2025-01-16T11:29:37.029-0600][gc,phases   ] GC(12)   Post Evacuate Collection Set: 0.42ms
[2025-01-16T11:29:37.029-0600][gc,phases   ] GC(12)   Other: 0.30ms
[2025-01-16T11:29:37.029-0600][gc,heap     ] GC(12) Eden regions: 46->0(47)
[2025-01-16T11:29:37.029-0600][gc,heap     ] GC(12) Survivor regions: 5->4(7)
[2025-01-16T11:29:37.029-0600][gc,heap     ] GC(12) Old regions: 27->29
[2025-01-16T11:29:37.029-0600][gc,heap     ] GC(12) Humongous regions: 129->129
[2025-01-16T11:29:37.029-0600][gc,metaspace] GC(12) Metaspace: 43670K(44416K)->43670K(44416K) NonClass: 38414K(38848K)->38414K(38848K) Class: 5255K(5568K)->5255K(5568K)
[2025-01-16T11:29:37.029-0600][gc          ] GC(12) Pause Young (Normal) (G1 Evacuation Pause) 206M->160M(1024M) 11.195ms
[2025-01-16T11:29:37.029-0600][gc,cpu      ] GC(12) User=0.04s Sys=0.02s Real=0.01s
[2025-01-16T11:32:37.492-0600][gc,start    ] GC(13) Pause Young (Normal) (G1 Evacuation Pause)
[2025-01-16T11:32:37.493-0600][gc,task     ] GC(13) Using 9 workers of 9 for evacuation
[2025-01-16T11:32:37.501-0600][gc,phases   ] GC(13)   Pre Evacuate Collection Set: 0.60ms
[2025-01-16T11:32:37.501-0600][gc,phases   ] GC(13)   Merge Heap Roots: 0.16ms
[2025-01-16T11:32:37.501-0600][gc,phases   ] GC(13)   Evacuate Collection Set: 7.15ms
[2025-01-16T11:32:37.501-0600][gc,phases   ] GC(13)   Post Evacuate Collection Set: 0.41ms
[2025-01-16T11:32:37.502-0600][gc,phases   ] GC(13)   Other: 0.29ms
[2025-01-16T11:32:37.502-0600][gc,heap     ] GC(13) Eden regions: 47->0(44)
[2025-01-16T11:32:37.502-0600][gc,heap     ] GC(13) Survivor regions: 4->7(7)
[2025-01-16T11:32:37.502-0600][gc,heap     ] GC(13) Old regions: 29->29
[2025-01-16T11:32:37.502-0600][gc,heap     ] GC(13) Humongous regions: 129->129
[2025-01-16T11:32:37.502-0600][gc,metaspace] GC(13) Metaspace: 43714K(44416K)->43714K(44416K) NonClass: 38459K(38848K)->38459K(38848K) Class: 5255K(5568K)->5255K(5568K)
[2025-01-16T11:32:37.502-0600][gc          ] GC(13) Pause Young (Normal) (G1 Evacuation Pause) 207M->164M(1024M) 9.720ms
[2025-01-16T11:32:37.502-0600][gc,cpu      ] GC(13) User=0.03s Sys=0.01s Real=0.01s
[2025-01-16T11:35:28.423-0600][gc,start    ] GC(14) Pause Young (Normal) (G1 Evacuation Pause)
[2025-01-16T11:35:28.424-0600][gc,task     ] GC(14) Using 9 workers of 9 for evacuation
[2025-01-16T11:35:28.435-0600][gc,phases   ] GC(14)   Pre Evacuate Collection Set: 0.40ms
[2025-01-16T11:35:28.435-0600][gc,phases   ] GC(14)   Merge Heap Roots: 0.14ms
[2025-01-16T11:35:28.435-0600][gc,phases   ] GC(14)   Evacuate Collection Set: 9.73ms
[2025-01-16T11:35:28.435-0600][gc,phases   ] GC(14)   Post Evacuate Collection Set: 0.40ms
[2025-01-16T11:35:28.435-0600][gc,phases   ] GC(14)   Other: 0.48ms
[2025-01-16T11:35:28.435-0600][gc,heap     ] GC(14) Eden regions: 44->0(45)
[2025-01-16T11:35:28.435-0600][gc,heap     ] GC(14) Survivor regions: 7->6(7)
[2025-01-16T11:35:28.436-0600][gc,heap     ] GC(14) Old regions: 29->33
[2025-01-16T11:35:28.436-0600][gc,heap     ] GC(14) Humongous regions: 129->129
[2025-01-16T11:35:28.436-0600][gc,metaspace] GC(14) Metaspace: 43724K(44416K)->43724K(44416K) NonClass: 38468K(38848K)->38468K(38848K) Class: 5255K(5568K)->5255K(5568K)
[2025-01-16T11:35:28.436-0600][gc          ] GC(14) Pause Young (Normal) (G1 Evacuation Pause) 208M->167M(1024M) 12.329ms
[2025-01-16T11:35:28.436-0600][gc,cpu      ] GC(14) User=0.05s Sys=0.00s Real=0.01s
[2025-01-16T11:38:21.387-0600][gc,start    ] GC(15) Pause Young (Normal) (G1 Evacuation Pause)
[2025-01-16T11:38:21.388-0600][gc,task     ] GC(15) Using 9 workers of 9 for evacuation
[2025-01-16T11:38:21.398-0600][gc,phases   ] GC(15)   Pre Evacuate Collection Set: 1.58ms
[2025-01-16T11:38:21.398-0600][gc,phases   ] GC(15)   Merge Heap Roots: 0.25ms
[2025-01-16T11:38:21.398-0600][gc,phases   ] GC(15)   Evacuate Collection Set: 7.64ms
[2025-01-16T11:38:21.398-0600][gc,phases   ] GC(15)   Post Evacuate Collection Set: 0.50ms
[2025-01-16T11:38:21.398-0600][gc,phases   ] GC(15)   Other: 0.36ms
[2025-01-16T11:38:21.398-0600][gc,heap     ] GC(15) Eden regions: 45->0(72)
[2025-01-16T11:38:21.398-0600][gc,heap     ] GC(15) Survivor regions: 6->4(7)
[2025-01-16T11:38:21.398-0600][gc,heap     ] GC(15) Old regions: 33->36
[2025-01-16T11:38:21.399-0600][gc,heap     ] GC(15) Humongous regions: 129->129
[2025-01-16T11:38:21.399-0600][gc,metaspace] GC(15) Metaspace: 43753K(44480K)->43753K(44480K) NonClass: 38497K(38912K)->38497K(38912K) Class: 5255K(5568K)->5255K(5568K)
[2025-01-16T11:38:21.399-0600][gc          ] GC(15) Pause Young (Normal) (G1 Evacuation Pause) 212M->167M(1024M) 11.575ms
[2025-01-16T11:38:21.399-0600][gc,cpu      ] GC(15) User=0.03s Sys=0.02s Real=0.01s
[2025-01-16T11:42:15.288-0600][gc,start    ] GC(16) Pause Young (Normal) (G1 Evacuation Pause)
[2025-01-16T11:42:15.289-0600][gc,task     ] GC(16) Using 9 workers of 9 for evacuation
[2025-01-16T11:42:15.295-0600][gc,phases   ] GC(16)   Pre Evacuate Collection Set: 0.51ms
[2025-01-16T11:42:15.295-0600][gc,phases   ] GC(16)   Merge Heap Roots: 0.19ms
[2025-01-16T11:42:15.295-0600][gc,phases   ] GC(16)   Evacuate Collection Set: 4.46ms
[2025-01-16T11:42:15.295-0600][gc,phases   ] GC(16)   Post Evacuate Collection Set: 0.55ms
[2025-01-16T11:42:15.295-0600][gc,phases   ] GC(16)   Other: 0.29ms
[2025-01-16T11:42:15.295-0600][gc,heap     ] GC(16) Eden regions: 60->0(54)
[2025-01-16T11:42:15.295-0600][gc,heap     ] GC(16) Survivor regions: 4->6(8)
[2025-01-16T11:42:15.295-0600][gc,heap     ] GC(16) Old regions: 36->36
[2025-01-16T11:42:15.295-0600][gc,heap     ] GC(16) Humongous regions: 129->129
[2025-01-16T11:42:15.295-0600][gc,metaspace] GC(16) Metaspace: 43762K(44480K)->43762K(44480K) NonClass: 38506K(38912K)->38506K(38912K) Class: 5255K(5568K)->5255K(5568K)
[2025-01-16T11:42:15.295-0600][gc          ] GC(16) Pause Young (Normal) (G1 Evacuation Pause) 227M->170M(1024M) 6.779ms
[2025-01-16T11:42:15.295-0600][gc,cpu      ] GC(16) User=0.02s Sys=0.00s Real=0.01s
[2025-01-16T11:45:52.898-0600][gc,start    ] GC(17) Pause Young (Normal) (G1 Evacuation Pause)
[2025-01-16T11:45:52.898-0600][gc,task     ] GC(17) Using 9 workers of 9 for evacuation
[2025-01-16T11:45:52.911-0600][gc,phases   ] GC(17)   Pre Evacuate Collection Set: 0.52ms
[2025-01-16T11:45:52.911-0600][gc,phases   ] GC(17)   Merge Heap Roots: 0.23ms
[2025-01-16T11:45:52.911-0600][gc,phases   ] GC(17)   Evacuate Collection Set: 11.48ms
[2025-01-16T11:45:52.911-0600][gc,phases   ] GC(17)   Post Evacuate Collection Set: 0.41ms
[2025-01-16T11:45:52.911-0600][gc,phases   ] GC(17)   Other: 0.26ms
[2025-01-16T11:45:52.911-0600][gc,heap     ] GC(17) Eden regions: 56->0(53)
[2025-01-16T11:45:52.911-0600][gc,heap     ] GC(17) Survivor regions: 6->8(8)
[2025-01-16T11:45:52.911-0600][gc,heap     ] GC(17) Old regions: 36->38
[2025-01-16T11:45:52.911-0600][gc,heap     ] GC(17) Humongous regions: 129->129
[2025-01-16T11:45:52.911-0600][gc,metaspace] GC(17) Metaspace: 43786K(44480K)->43786K(44480K) NonClass: 38530K(38912K)->38530K(38912K) Class: 5255K(5568K)->5255K(5568K)
[2025-01-16T11:45:52.912-0600][gc          ] GC(17) Pause Young (Normal) (G1 Evacuation Pause) 226M->174M(1024M) 13.849ms
[2025-01-16T11:45:52.912-0600][gc,cpu      ] GC(17) User=0.06s Sys=0.01s Real=0.02s
[2025-01-16T11:48:50.379-0600][gc,start    ] GC(18) Pause Young (Normal) (G1 Evacuation Pause)
[2025-01-16T11:48:50.380-0600][gc,task     ] GC(18) Using 9 workers of 9 for evacuation
[2025-01-16T11:48:50.393-0600][gc,phases   ] GC(18)   Pre Evacuate Collection Set: 0.67ms
[2025-01-16T11:48:50.393-0600][gc,phases   ] GC(18)   Merge Heap Roots: 0.27ms
[2025-01-16T11:48:50.393-0600][gc,phases   ] GC(18)   Evacuate Collection Set: 11.30ms
[2025-01-16T11:48:50.393-0600][gc,phases   ] GC(18)   Post Evacuate Collection Set: 0.40ms
[2025-01-16T11:48:50.393-0600][gc,phases   ] GC(18)   Other: 0.37ms
[2025-01-16T11:48:50.393-0600][gc,heap     ] GC(18) Eden regions: 46->0(71)
[2025-01-16T11:48:50.393-0600][gc,heap     ] GC(18) Survivor regions: 8->4(7)
[2025-01-16T11:48:50.393-0600][gc,heap     ] GC(18) Old regions: 38->44
[2025-01-16T11:48:50.393-0600][gc,heap     ] GC(18) Humongous regions: 129->129
[2025-01-16T11:48:50.393-0600][gc,metaspace] GC(18) Metaspace: 43814K(44480K)->43814K(44480K) NonClass: 38559K(38912K)->38559K(38912K) Class: 5255K(5568K)->5255K(5568K)
[2025-01-16T11:48:50.393-0600][gc          ] GC(18) Pause Young (Normal) (G1 Evacuation Pause) 220M->176M(1024M) 13.745ms
[2025-01-16T11:48:50.393-0600][gc,cpu      ] GC(18) User=0.05s Sys=0.00s Real=0.02s
[2025-01-16T11:53:42.000-0600][gc,start    ] GC(19) Pause Young (Normal) (G1 Evacuation Pause)
[2025-01-16T11:53:42.000-0600][gc,task     ] GC(19) Using 9 workers of 9 for evacuation
[2025-01-16T11:53:42.012-0600][gc,phases   ] GC(19)   Pre Evacuate Collection Set: 0.37ms
[2025-01-16T11:53:42.012-0600][gc,phases   ] GC(19)   Merge Heap Roots: 0.11ms
[2025-01-16T11:53:42.012-0600][gc,phases   ] GC(19)   Evacuate Collection Set: 10.45ms
[2025-01-16T11:53:42.012-0600][gc,phases   ] GC(19)   Post Evacuate Collection Set: 0.43ms
[2025-01-16T11:53:42.012-0600][gc,phases   ] GC(19)   Other: 0.37ms
[2025-01-16T11:53:42.012-0600][gc,heap     ] GC(19) Eden regions: 75->0(58)
[2025-01-16T11:53:42.012-0600][gc,heap     ] GC(19) Survivor regions: 4->9(10)
[2025-01-16T11:53:42.012-0600][gc,heap     ] GC(19) Old regions: 44->44
[2025-01-16T11:53:42.012-0600][gc,heap     ] GC(19) Humongous regions: 129->129
[2025-01-16T11:53:42.012-0600][gc,metaspace] GC(19) Metaspace: 43869K(44608K)->43869K(44608K) NonClass: 38613K(39040K)->38613K(39040K) Class: 5255K(5568K)->5255K(5568K)
[2025-01-16T11:53:42.012-0600][gc          ] GC(19) Pause Young (Normal) (G1 Evacuation Pause) 251M->180M(1024M) 12.549ms
[2025-01-16T11:53:42.012-0600][gc,cpu      ] GC(19) User=0.05s Sys=0.01s Real=0.01s
[2025-01-16T11:57:25.339-0600][gc,start    ] GC(20) Pause Young (Normal) (G1 Evacuation Pause)
[2025-01-16T11:57:25.339-0600][gc,task     ] GC(20) Using 9 workers of 9 for evacuation
[2025-01-16T11:57:25.356-0600][gc,phases   ] GC(20)   Pre Evacuate Collection Set: 1.06ms
[2025-01-16T11:57:25.356-0600][gc,phases   ] GC(20)   Merge Heap Roots: 0.25ms
[2025-01-16T11:57:25.356-0600][gc,phases   ] GC(20)   Evacuate Collection Set: 13.94ms
[2025-01-16T11:57:25.356-0600][gc,phases   ] GC(20)   Post Evacuate Collection Set: 0.36ms
[2025-01-16T11:57:25.356-0600][gc,phases   ] GC(20)   Other: 0.69ms
[2025-01-16T11:57:25.356-0600][gc,heap     ] GC(20) Eden regions: 60->0(69)
[2025-01-16T11:57:25.356-0600][gc,heap     ] GC(20) Survivor regions: 9->5(9)
[2025-01-16T11:57:25.356-0600][gc,heap     ] GC(20) Old regions: 44->50
[2025-01-16T11:57:25.356-0600][gc,heap     ] GC(20) Humongous regions: 129->129
[2025-01-16T11:57:25.356-0600][gc,metaspace] GC(20) Metaspace: 43909K(44608K)->43909K(44608K) NonClass: 38651K(39040K)->38651K(39040K) Class: 5257K(5568K)->5257K(5568K)
[2025-01-16T11:57:25.356-0600][gc          ] GC(20) Pause Young (Normal) (G1 Evacuation Pause) 240M->183M(1024M) 17.288ms
[2025-01-16T11:57:25.356-0600][gc,cpu      ] GC(20) User=0.04s Sys=0.02s Real=0.02s
[2025-01-16T12:01:46.069-0600][gc,start    ] GC(21) Pause Young (Normal) (G1 Evacuation Pause)
[2025-01-16T12:01:46.069-0600][gc,task     ] GC(21) Using 9 workers of 9 for evacuation
[2025-01-16T12:01:46.083-0600][gc,phases   ] GC(21)   Pre Evacuate Collection Set: 1.44ms
[2025-01-16T12:01:46.083-0600][gc,phases   ] GC(21)   Merge Heap Roots: 0.38ms
[2025-01-16T12:01:46.083-0600][gc,phases   ] GC(21)   Evacuate Collection Set: 11.58ms
[2025-01-16T12:01:46.084-0600][gc,phases   ] GC(21)   Post Evacuate Collection Set: 0.51ms
[2025-01-16T12:01:46.084-0600][gc,phases   ] GC(21)   Other: 0.31ms
[2025-01-16T12:01:46.084-0600][gc,heap     ] GC(21) Eden regions: 71->0(63)
[2025-01-16T12:01:46.084-0600][gc,heap     ] GC(21) Survivor regions: 5->8(10)
[2025-01-16T12:01:46.084-0600][gc,heap     ] GC(21) Old regions: 50->50
[2025-01-16T12:01:46.084-0600][gc,heap     ] GC(21) Humongous regions: 129->129
[2025-01-16T12:01:46.084-0600][gc,metaspace] GC(21) Metaspace: 43944K(44672K)->43944K(44672K) NonClass: 38685K(39104K)->38685K(39104K) Class: 5258K(5568K)->5258K(5568K)
[2025-01-16T12:01:46.084-0600][gc          ] GC(21) Pause Young (Normal) (G1 Evacuation Pause) 254M->186M(1024M) 15.034ms
[2025-01-16T12:01:46.084-0600][gc,cpu      ] GC(21) User=0.04s Sys=0.03s Real=0.02s
[2025-01-16T12:05:38.894-0600][gc,start    ] GC(22) Pause Young (Normal) (G1 Evacuation Pause)
[2025-01-16T12:05:38.894-0600][gc,task     ] GC(22) Using 9 workers of 9 for evacuation
[2025-01-16T12:05:38.906-0600][gc,phases   ] GC(22)   Pre Evacuate Collection Set: 0.74ms
[2025-01-16T12:05:38.906-0600][gc,phases   ] GC(22)   Merge Heap Roots: 0.23ms
[2025-01-16T12:05:38.906-0600][gc,phases   ] GC(22)   Evacuate Collection Set: 10.58ms
[2025-01-16T12:05:38.906-0600][gc,phases   ] GC(22)   Post Evacuate Collection Set: 0.36ms
[2025-01-16T12:05:38.906-0600][gc,phases   ] GC(22)   Other: 0.31ms
[2025-01-16T12:05:38.906-0600][gc,heap     ] GC(22) Eden regions: 64->0(84)
[2025-01-16T12:05:38.906-0600][gc,heap     ] GC(22) Survivor regions: 8->5(9)
[2025-01-16T12:05:38.906-0600][gc,heap     ] GC(22) Old regions: 50->56
[2025-01-16T12:05:38.906-0600][gc,heap     ] GC(22) Humongous regions: 129->129
[2025-01-16T12:05:38.906-0600][gc,metaspace] GC(22) Metaspace: 43968K(44672K)->43968K(44672K) NonClass: 38710K(39104K)->38710K(39104K) Class: 5258K(5568K)->5258K(5568K)
[2025-01-16T12:05:38.907-0600][gc          ] GC(22) Pause Young (Normal) (G1 Evacuation Pause) 250M->189M(1024M) 12.891ms
[2025-01-16T12:05:38.907-0600][gc,cpu      ] GC(22) User=0.06s Sys=0.02s Real=0.01s
[2025-01-16T12:10:57.555-0600][gc,start    ] GC(23) Pause Young (Normal) (G1 Evacuation Pause)
[2025-01-16T12:10:57.555-0600][gc,task     ] GC(23) Using 9 workers of 9 for evacuation
[2025-01-16T12:10:57.565-0600][gc,phases   ] GC(23)   Pre Evacuate Collection Set: 0.18ms
[2025-01-16T12:10:57.565-0600][gc,phases   ] GC(23)   Merge Heap Roots: 0.06ms
[2025-01-16T12:10:57.565-0600][gc,phases   ] GC(23)   Evacuate Collection Set: 8.78ms
[2025-01-16T12:10:57.565-0600][gc,phases   ] GC(23)   Post Evacuate Collection Set: 0.46ms
[2025-01-16T12:10:57.565-0600][gc,phases   ] GC(23)   Other: 0.16ms
[2025-01-16T12:10:57.565-0600][gc,heap     ] GC(23) Eden regions: 86->0(72)
[2025-01-16T12:10:57.565-0600][gc,heap     ] GC(23) Survivor regions: 5->10(12)
[2025-01-16T12:10:57.565-0600][gc,heap     ] GC(23) Old regions: 56->56
[2025-01-16T12:10:57.565-0600][gc,heap     ] GC(23) Humongous regions: 129->129
[2025-01-16T12:10:57.565-0600][gc,metaspace] GC(23) Metaspace: 43974K(44672K)->43974K(44672K) NonClass: 38715K(39104K)->38715K(39104K) Class: 5258K(5568K)->5258K(5568K)
[2025-01-16T12:10:57.565-0600][gc          ] GC(23) Pause Young (Normal) (G1 Evacuation Pause) 275M->194M(1024M) 10.307ms
[2025-01-16T12:10:57.565-0600][gc,cpu      ] GC(23) User=0.04s Sys=0.00s Real=0.01s
[2025-01-16T12:15:28.942-0600][gc,start    ] GC(24) Pause Young (Normal) (G1 Evacuation Pause)
[2025-01-16T12:15:28.943-0600][gc,task     ] GC(24) Using 9 workers of 9 for evacuation
[2025-01-16T12:15:28.959-0600][gc,phases   ] GC(24)   Pre Evacuate Collection Set: 1.92ms
[2025-01-16T12:15:28.959-0600][gc,phases   ] GC(24)   Merge Heap Roots: 0.42ms
[2025-01-16T12:15:28.959-0600][gc,phases   ] GC(24)   Evacuate Collection Set: 12.89ms
[2025-01-16T12:15:28.960-0600][gc,phases   ] GC(24)   Post Evacuate Collection Set: 0.58ms
[2025-01-16T12:15:28.960-0600][gc,phases   ] GC(24)   Other: 0.39ms
[2025-01-16T12:15:28.960-0600][gc,heap     ] GC(24) Eden regions: 73->0(89)
[2025-01-16T12:15:28.960-0600][gc,heap     ] GC(24) Survivor regions: 10->4(11)
[2025-01-16T12:15:28.960-0600][gc,heap     ] GC(24) Old regions: 56->63
[2025-01-16T12:15:28.960-0600][gc,heap     ] GC(24) Humongous regions: 129->129
[2025-01-16T12:15:28.960-0600][gc,metaspace] GC(24) Metaspace: 43978K(44672K)->43978K(44672K) NonClass: 38720K(39104K)->38720K(39104K) Class: 5258K(5568K)->5258K(5568K)
[2025-01-16T12:15:28.960-0600][gc          ] GC(24) Pause Young (Normal) (G1 Evacuation Pause) 267M->195M(1024M) 17.528ms
[2025-01-16T12:15:28.960-0600][gc,cpu      ] GC(24) User=0.05s Sys=0.03s Real=0.02s
[2025-01-16T12:20:45.644-0600][gc,start    ] GC(25) Pause Young (Normal) (G1 Evacuation Pause)
[2025-01-16T12:20:45.645-0600][gc,task     ] GC(25) Using 9 workers of 9 for evacuation
[2025-01-16T12:20:45.661-0600][gc,phases   ] GC(25)   Pre Evacuate Collection Set: 1.57ms
[2025-01-16T12:20:45.661-0600][gc,phases   ] GC(25)   Merge Heap Roots: 0.33ms
[2025-01-16T12:20:45.661-0600][gc,phases   ] GC(25)   Evacuate Collection Set: 13.39ms
[2025-01-16T12:20:45.661-0600][gc,phases   ] GC(25)   Post Evacuate Collection Set: 0.44ms
[2025-01-16T12:20:45.661-0600][gc,phases   ] GC(25)   Other: 0.36ms
[2025-01-16T12:20:45.661-0600][gc,heap     ] GC(25) Eden regions: 88->0(67)
[2025-01-16T12:20:45.661-0600][gc,heap     ] GC(25) Survivor regions: 4->9(12)
[2025-01-16T12:20:45.661-0600][gc,heap     ] GC(25) Old regions: 63->63
[2025-01-16T12:20:45.661-0600][gc,heap     ] GC(25) Humongous regions: 129->129
[2025-01-16T12:20:45.661-0600][gc,metaspace] GC(25) Metaspace: 44029K(44736K)->44029K(44736K) NonClass: 38767K(39168K)->38767K(39168K) Class: 5261K(5568K)->5261K(5568K)
[2025-01-16T12:20:45.661-0600][gc          ] GC(25) Pause Young (Normal) (G1 Evacuation Pause) 283M->200M(1024M) 17.188ms
[2025-01-16T12:20:45.661-0600][gc,cpu      ] GC(25) User=0.05s Sys=0.04s Real=0.02s
[2025-01-16T12:24:49.175-0600][gc,start    ] GC(26) Pause Young (Normal) (G1 Evacuation Pause)
[2025-01-16T12:24:49.177-0600][gc,task     ] GC(26) Using 9 workers of 9 for evacuation
[2025-01-16T12:24:49.193-0600][gc,phases   ] GC(26)   Pre Evacuate Collection Set: 2.27ms
[2025-01-16T12:24:49.194-0600][gc,phases   ] GC(26)   Merge Heap Roots: 0.51ms
[2025-01-16T12:24:49.194-0600][gc,phases   ] GC(26)   Evacuate Collection Set: 13.20ms
[2025-01-16T12:24:49.194-0600][gc,phases   ] GC(26)   Post Evacuate Collection Set: 0.53ms
[2025-01-16T12:24:49.194-0600][gc,phases   ] GC(26)   Other: 0.44ms
[2025-01-16T12:24:49.194-0600][gc,heap     ] GC(26) Eden regions: 65->0(86)
[2025-01-16T12:24:49.194-0600][gc,heap     ] GC(26) Survivor regions: 9->5(10)
[2025-01-16T12:24:49.194-0600][gc,heap     ] GC(26) Old regions: 63->67
[2025-01-16T12:24:49.194-0600][gc,heap     ] GC(26) Humongous regions: 129->129
[2025-01-16T12:24:49.194-0600][gc,metaspace] GC(26) Metaspace: 44034K(44736K)->44034K(44736K) NonClass: 38772K(39168K)->38772K(39168K) Class: 5261K(5568K)->5261K(5568K)
[2025-01-16T12:24:49.194-0600][gc          ] GC(26) Pause Young (Normal) (G1 Evacuation Pause) 265M->200M(1024M) 18.857ms
[2025-01-16T12:24:49.194-0600][gc,cpu      ] GC(26) User=0.04s Sys=0.04s Real=0.02s
[2025-01-16T12:30:07.349-0600][gc,start    ] GC(27) Pause Young (Normal) (G1 Evacuation Pause)
[2025-01-16T12:30:07.350-0600][gc,task     ] GC(27) Using 9 workers of 9 for evacuation
[2025-01-16T12:30:07.360-0600][gc,phases   ] GC(27)   Pre Evacuate Collection Set: 0.60ms
[2025-01-16T12:30:07.360-0600][gc,phases   ] GC(27)   Merge Heap Roots: 0.17ms
[2025-01-16T12:30:07.360-0600][gc,phases   ] GC(27)   Evacuate Collection Set: 8.87ms
[2025-01-16T12:30:07.360-0600][gc,phases   ] GC(27)   Post Evacuate Collection Set: 0.52ms
[2025-01-16T12:30:07.360-0600][gc,phases   ] GC(27)   Other: 0.36ms
[2025-01-16T12:30:07.360-0600][gc,heap     ] GC(27) Eden regions: 85->0(87)
[2025-01-16T12:30:07.360-0600][gc,heap     ] GC(27) Survivor regions: 5->7(12)
[2025-01-16T12:30:07.360-0600][gc,heap     ] GC(27) Old regions: 67->67
[2025-01-16T12:30:07.360-0600][gc,heap     ] GC(27) Humongous regions: 129->129
[2025-01-16T12:30:07.361-0600][gc,metaspace] GC(27) Metaspace: 44038K(44736K)->44038K(44736K) NonClass: 38777K(39168K)->38777K(39168K) Class: 5261K(5568K)->5261K(5568K)
[2025-01-16T12:30:07.361-0600][gc          ] GC(27) Pause Young (Normal) (G1 Evacuation Pause) 285M->201M(1024M) 11.797ms
[2025-01-16T12:30:07.361-0600][gc,cpu      ] GC(27) User=0.05s Sys=0.02s Real=0.02s
[2025-01-16T12:35:33.283-0600][gc,start    ] GC(28) Pause Young (Normal) (G1 Evacuation Pause)
[2025-01-16T12:35:33.284-0600][gc,task     ] GC(28) Using 9 workers of 9 for evacuation
[2025-01-16T12:35:33.298-0600][gc,phases   ] GC(28)   Pre Evacuate Collection Set: 2.13ms
[2025-01-16T12:35:33.298-0600][gc,phases   ] GC(28)   Merge Heap Roots: 0.45ms
[2025-01-16T12:35:33.299-0600][gc,phases   ] GC(28)   Evacuate Collection Set: 10.49ms
[2025-01-16T12:35:33.299-0600][gc,phases   ] GC(28)   Post Evacuate Collection Set: 0.57ms
[2025-01-16T12:35:33.299-0600][gc,phases   ] GC(28)   Other: 0.52ms
[2025-01-16T12:35:33.299-0600][gc,heap     ] GC(28) Eden regions: 87->0(94)
[2025-01-16T12:35:33.299-0600][gc,heap     ] GC(28) Survivor regions: 7->5(12)
[2025-01-16T12:35:33.299-0600][gc,heap     ] GC(28) Old regions: 67->67
[2025-01-16T12:35:33.299-0600][gc,heap     ] GC(28) Humongous regions: 129->129
[2025-01-16T12:35:33.299-0600][gc,metaspace] GC(28) Metaspace: 44041K(44736K)->44041K(44736K) NonClass: 38780K(39168K)->38780K(39168K) Class: 5261K(5568K)->5261K(5568K)
[2025-01-16T12:35:33.299-0600][gc          ] GC(28) Pause Young (Normal) (G1 Evacuation Pause) 288M->200M(1024M) 16.323ms
[2025-01-16T12:35:33.299-0600][gc,cpu      ] GC(28) User=0.03s Sys=0.04s Real=0.01s
[2025-01-16T12:41:29.334-0600][gc,start    ] GC(29) Pause Young (Normal) (G1 Evacuation Pause)
[2025-01-16T12:41:29.335-0600][gc,task     ] GC(29) Using 9 workers of 9 for evacuation
[2025-01-16T12:41:29.348-0600][gc,phases   ] GC(29)   Pre Evacuate Collection Set: 1.85ms
[2025-01-16T12:41:29.348-0600][gc,phases   ] GC(29)   Merge Heap Roots: 0.45ms
[2025-01-16T12:41:29.348-0600][gc,phases   ] GC(29)   Evacuate Collection Set: 9.70ms
[2025-01-16T12:41:29.348-0600][gc,phases   ] GC(29)   Post Evacuate Collection Set: 0.60ms
[2025-01-16T12:41:29.348-0600][gc,phases   ] GC(29)   Other: 0.52ms
[2025-01-16T12:41:29.348-0600][gc,heap     ] GC(29) Eden regions: 95->0(91)
[2025-01-16T12:41:29.349-0600][gc,heap     ] GC(29) Survivor regions: 5->5(13)
[2025-01-16T12:41:29.349-0600][gc,heap     ] GC(29) Old regions: 67->67
[2025-01-16T12:41:29.349-0600][gc,heap     ] GC(29) Humongous regions: 129->129
[2025-01-16T12:41:29.349-0600][gc,metaspace] GC(29) Metaspace: 44061K(44736K)->44061K(44736K) NonClass: 38800K(39168K)->38800K(39168K) Class: 5261K(5568K)->5261K(5568K)
[2025-01-16T12:41:29.349-0600][gc          ] GC(29) Pause Young (Normal) (G1 Evacuation Pause) 295M->199M(1024M) 14.977ms
[2025-01-16T12:41:29.349-0600][gc,cpu      ] GC(29) User=0.04s Sys=0.03s Real=0.01s
[2025-01-16T12:47:11.518-0600][gc,start    ] GC(30) Pause Young (Normal) (G1 Evacuation Pause)
[2025-01-16T12:47:11.519-0600][gc,task     ] GC(30) Using 9 workers of 9 for evacuation
[2025-01-16T12:47:11.526-0600][gc,phases   ] GC(30)   Pre Evacuate Collection Set: 0.55ms
[2025-01-16T12:47:11.526-0600][gc,phases   ] GC(30)   Merge Heap Roots: 0.19ms
[2025-01-16T12:47:11.526-0600][gc,phases   ] GC(30)   Evacuate Collection Set: 5.27ms
[2025-01-16T12:47:11.526-0600][gc,phases   ] GC(30)   Post Evacuate Collection Set: 0.52ms
[2025-01-16T12:47:11.526-0600][gc,phases   ] GC(30)   Other: 0.34ms
[2025-01-16T12:47:11.527-0600][gc,heap     ] GC(30) Eden regions: 91->0(104)
[2025-01-16T12:47:11.527-0600][gc,heap     ] GC(30) Survivor regions: 5->4(12)
[2025-01-16T12:47:11.527-0600][gc,heap     ] GC(30) Old regions: 67->67
[2025-01-16T12:47:11.527-0600][gc,heap     ] GC(30) Humongous regions: 129->129
[2025-01-16T12:47:11.527-0600][gc,metaspace] GC(30) Metaspace: 44075K(44736K)->44075K(44736K) NonClass: 38813K(39168K)->38813K(39168K) Class: 5261K(5568K)->5261K(5568K)
[2025-01-16T12:47:11.527-0600][gc          ] GC(30) Pause Young (Normal) (G1 Evacuation Pause) 290M->198M(1024M) 8.445ms
[2025-01-16T12:47:11.527-0600][gc,cpu      ] GC(30) User=0.03s Sys=0.00s Real=0.01s
[2025-01-16T12:53:42.593-0600][gc,start    ] GC(31) Pause Young (Normal) (G1 Evacuation Pause)
[2025-01-16T12:53:42.594-0600][gc,task     ] GC(31) Using 9 workers of 9 for evacuation
[2025-01-16T12:53:42.607-0600][gc,phases   ] GC(31)   Pre Evacuate Collection Set: 2.16ms
[2025-01-16T12:53:42.608-0600][gc,phases   ] GC(31)   Merge Heap Roots: 0.54ms
[2025-01-16T12:53:42.608-0600][gc,phases   ] GC(31)   Evacuate Collection Set: 9.77ms
[2025-01-16T12:53:42.608-0600][gc,phases   ] GC(31)   Post Evacuate Collection Set: 0.67ms
[2025-01-16T12:53:42.608-0600][gc,phases   ] GC(31)   Other: 0.55ms
[2025-01-16T12:53:42.608-0600][gc,heap     ] GC(31) Eden regions: 104->0(100)
[2025-01-16T12:53:42.608-0600][gc,heap     ] GC(31) Survivor regions: 4->4(14)
[2025-01-16T12:53:42.608-0600][gc,heap     ] GC(31) Old regions: 67->67
[2025-01-16T12:53:42.608-0600][gc,heap     ] GC(31) Humongous regions: 129->129
[2025-01-16T12:53:42.608-0600][gc,metaspace] GC(31) Metaspace: 44088K(44736K)->44088K(44736K) NonClass: 38827K(39168K)->38827K(39168K) Class: 5261K(5568K)->5261K(5568K)
[2025-01-16T12:53:42.608-0600][gc          ] GC(31) Pause Young (Normal) (G1 Evacuation Pause) 302M->199M(1024M) 15.006ms
[2025-01-16T12:53:42.608-0600][gc,cpu      ] GC(31) User=0.03s Sys=0.03s Real=0.01s
[2025-01-16T12:59:59.128-0600][gc,start    ] GC(32) Pause Young (Normal) (G1 Evacuation Pause)
[2025-01-16T12:59:59.129-0600][gc,task     ] GC(32) Using 9 workers of 9 for evacuation
[2025-01-16T12:59:59.138-0600][gc,phases   ] GC(32)   Pre Evacuate Collection Set: 1.28ms
[2025-01-16T12:59:59.138-0600][gc,phases   ] GC(32)   Merge Heap Roots: 0.29ms
[2025-01-16T12:59:59.138-0600][gc,phases   ] GC(32)   Evacuate Collection Set: 6.78ms
[2025-01-16T12:59:59.138-0600][gc,phases   ] GC(32)   Post Evacuate Collection Set: 0.52ms
[2025-01-16T12:59:59.138-0600][gc,phases   ] GC(32)   Other: 0.43ms
[2025-01-16T12:59:59.138-0600][gc,heap     ] GC(32) Eden regions: 100->0(108)
[2025-01-16T12:59:59.138-0600][gc,heap     ] GC(32) Survivor regions: 4->4(13)
[2025-01-16T12:59:59.138-0600][gc,heap     ] GC(32) Old regions: 67->67
[2025-01-16T12:59:59.138-0600][gc,heap     ] GC(32) Humongous regions: 129->129
[2025-01-16T12:59:59.138-0600][gc,metaspace] GC(32) Metaspace: 44100K(44800K)->44100K(44800K) NonClass: 38838K(39232K)->38838K(39232K) Class: 5261K(5568K)->5261K(5568K)
[2025-01-16T12:59:59.138-0600][gc          ] GC(32) Pause Young (Normal) (G1 Evacuation Pause) 299M->199M(1024M) 10.399ms
[2025-01-16T12:59:59.139-0600][gc,cpu      ] GC(32) User=0.02s Sys=0.02s Real=0.01s
[2025-01-16T13:06:43.573-0600][gc,start    ] GC(33) Pause Young (Normal) (G1 Evacuation Pause)
[2025-01-16T13:06:43.574-0600][gc,task     ] GC(33) Using 9 workers of 9 for evacuation
[2025-01-16T13:06:43.585-0600][gc,phases   ] GC(33)   Pre Evacuate Collection Set: 1.15ms
[2025-01-16T13:06:43.586-0600][gc,phases   ] GC(33)   Merge Heap Roots: 0.32ms
[2025-01-16T13:06:43.586-0600][gc,phases   ] GC(33)   Evacuate Collection Set: 9.27ms
[2025-01-16T13:06:43.586-0600][gc,phases   ] GC(33)   Post Evacuate Collection Set: 0.67ms
[2025-01-16T13:06:43.586-0600][gc,phases   ] GC(33)   Other: 0.61ms
[2025-01-16T13:06:43.586-0600][gc,heap     ] GC(33) Eden regions: 108->0(107)
[2025-01-16T13:06:43.586-0600][gc,heap     ] GC(33) Survivor regions: 4->5(14)
[2025-01-16T13:06:43.586-0600][gc,heap     ] GC(33) Old regions: 67->67
[2025-01-16T13:06:43.586-0600][gc,heap     ] GC(33) Humongous regions: 129->129
[2025-01-16T13:06:43.586-0600][gc,metaspace] GC(33) Metaspace: 44102K(44800K)->44102K(44800K) NonClass: 38840K(39232K)->38840K(39232K) Class: 5261K(5568K)->5261K(5568K)
[2025-01-16T13:06:43.586-0600][gc          ] GC(33) Pause Young (Normal) (G1 Evacuation Pause) 307M->199M(1024M) 13.039ms
[2025-01-16T13:06:43.586-0600][gc,cpu      ] GC(33) User=0.03s Sys=0.02s Real=0.01s
[2025-01-16T13:13:23.531-0600][gc,start    ] GC(34) Pause Young (Normal) (G1 Evacuation Pause)
[2025-01-16T13:13:23.531-0600][gc,task     ] GC(34) Using 9 workers of 9 for evacuation
[2025-01-16T13:13:23.540-0600][gc,phases   ] GC(34)   Pre Evacuate Collection Set: 0.55ms
[2025-01-16T13:13:23.540-0600][gc,phases   ] GC(34)   Merge Heap Roots: 0.13ms
[2025-01-16T13:13:23.540-0600][gc,phases   ] GC(34)   Evacuate Collection Set: 6.90ms
[2025-01-16T13:13:23.540-0600][gc,phases   ] GC(34)   Post Evacuate Collection Set: 0.55ms
[2025-01-16T13:13:23.540-0600][gc,phases   ] GC(34)   Other: 0.24ms
[2025-01-16T13:13:23.540-0600][gc,heap     ] GC(34) Eden regions: 107->0(116)
[2025-01-16T13:13:23.540-0600][gc,heap     ] GC(34) Survivor regions: 5->5(14)
[2025-01-16T13:13:23.540-0600][gc,heap     ] GC(34) Old regions: 67->67
[2025-01-16T13:13:23.540-0600][gc,heap     ] GC(34) Humongous regions: 129->129
[2025-01-16T13:13:23.540-0600][gc,metaspace] GC(34) Metaspace: 44107K(44800K)->44107K(44800K) NonClass: 38845K(39232K)->38845K(39232K) Class: 5261K(5568K)->5261K(5568K)
[2025-01-16T13:13:23.540-0600][gc          ] GC(34) Pause Young (Normal) (G1 Evacuation Pause) 306M->200M(1024M) 9.215ms
[2025-01-16T13:13:23.540-0600][gc,cpu      ] GC(34) User=0.03s Sys=0.00s Real=0.01s
[2025-01-16T13:20:26.788-0600][gc,start    ] GC(35) Pause Young (Normal) (G1 Evacuation Pause)
[2025-01-16T13:20:26.788-0600][gc,task     ] GC(35) Using 9 workers of 9 for evacuation
[2025-01-16T13:20:26.800-0600][gc,phases   ] GC(35)   Pre Evacuate Collection Set: 1.42ms
[2025-01-16T13:20:26.800-0600][gc,phases   ] GC(35)   Merge Heap Roots: 0.52ms
[2025-01-16T13:20:26.800-0600][gc,phases   ] GC(35)   Evacuate Collection Set: 8.36ms
[2025-01-16T13:20:26.800-0600][gc,phases   ] GC(35)   Post Evacuate Collection Set: 0.92ms
[2025-01-16T13:20:26.800-0600][gc,phases   ] GC(35)   Other: 0.33ms
[2025-01-16T13:20:26.800-0600][gc,heap     ] GC(35) Eden regions: 116->0(112)
[2025-01-16T13:20:26.800-0600][gc,heap     ] GC(35) Survivor regions: 5->7(16)
[2025-01-16T13:20:26.800-0600][gc,heap     ] GC(35) Old regions: 67->67
[2025-01-16T13:20:26.800-0600][gc,heap     ] GC(35) Humongous regions: 129->129
[2025-01-16T13:20:26.800-0600][gc,metaspace] GC(35) Metaspace: 44110K(44800K)->44110K(44800K) NonClass: 38848K(39232K)->38848K(39232K) Class: 5261K(5568K)->5261K(5568K)
[2025-01-16T13:20:26.800-0600][gc          ] GC(35) Pause Young (Normal) (G1 Evacuation Pause) 316M->201M(1024M) 12.490ms
[2025-01-16T13:20:26.800-0600][gc,cpu      ] GC(35) User=0.04s Sys=0.02s Real=0.02s
[2025-01-16T13:27:26.712-0600][gc,start    ] GC(36) Pause Young (Normal) (G1 Evacuation Pause)
[2025-01-16T13:27:26.712-0600][gc,task     ] GC(36) Using 9 workers of 9 for evacuation
[2025-01-16T13:27:26.722-0600][gc,phases   ] GC(36)   Pre Evacuate Collection Set: 0.95ms
[2025-01-16T13:27:26.723-0600][gc,phases   ] GC(36)   Merge Heap Roots: 0.20ms
[2025-01-16T13:27:26.723-0600][gc,phases   ] GC(36)   Evacuate Collection Set: 7.89ms
[2025-01-16T13:27:26.723-0600][gc,phases   ] GC(36)   Post Evacuate Collection Set: 0.70ms
[2025-01-16T13:27:26.723-0600][gc,phases   ] GC(36)   Other: 0.25ms
[2025-01-16T13:27:26.723-0600][gc,heap     ] GC(36) Eden regions: 112->0(121)
[2025-01-16T13:27:26.723-0600][gc,heap     ] GC(36) Survivor regions: 7->5(15)
[2025-01-16T13:27:26.723-0600][gc,heap     ] GC(36) Old regions: 67->67
[2025-01-16T13:27:26.723-0600][gc,heap     ] GC(36) Humongous regions: 129->129
[2025-01-16T13:27:26.723-0600][gc,metaspace] GC(36) Metaspace: 44122K(44800K)->44122K(44800K) NonClass: 38861K(39232K)->38861K(39232K) Class: 5261K(5568K)->5261K(5568K)
[2025-01-16T13:27:26.723-0600][gc          ] GC(36) Pause Young (Normal) (G1 Evacuation Pause) 313M->199M(1024M) 10.936ms
[2025-01-16T13:27:26.723-0600][gc,cpu      ] GC(36) User=0.03s Sys=0.02s Real=0.01s
[2025-01-16T13:35:02.365-0600][gc,start    ] GC(37) Pause Young (Normal) (G1 Evacuation Pause)
[2025-01-16T13:35:02.366-0600][gc,task     ] GC(37) Using 9 workers of 9 for evacuation
[2025-01-16T13:35:02.375-0600][gc,phases   ] GC(37)   Pre Evacuate Collection Set: 0.96ms
[2025-01-16T13:35:02.375-0600][gc,phases   ] GC(37)   Merge Heap Roots: 0.27ms
[2025-01-16T13:35:02.375-0600][gc,phases   ] GC(37)   Evacuate Collection Set: 6.73ms
[2025-01-16T13:35:02.375-0600][gc,phases   ] GC(37)   Post Evacuate Collection Set: 0.61ms
[2025-01-16T13:35:02.375-0600][gc,phases   ] GC(37)   Other: 0.38ms
[2025-01-16T13:35:02.375-0600][gc,heap     ] GC(37) Eden regions: 121->0(120)
[2025-01-16T13:35:02.375-0600][gc,heap     ] GC(37) Survivor regions: 5->7(16)
[2025-01-16T13:35:02.375-0600][gc,heap     ] GC(37) Old regions: 67->67
[2025-01-16T13:35:02.375-0600][gc,heap     ] GC(37) Humongous regions: 129->129
[2025-01-16T13:35:02.375-0600][gc,metaspace] GC(37) Metaspace: 44126K(44800K)->44126K(44800K) NonClass: 38864K(39232K)->38864K(39232K) Class: 5261K(5568K)->5261K(5568K)
[2025-01-16T13:35:02.375-0600][gc          ] GC(37) Pause Young (Normal) (G1 Evacuation Pause) 320M->201M(1024M) 10.494ms
[2025-01-16T13:35:02.375-0600][gc,cpu      ] GC(37) User=0.02s Sys=0.01s Real=0.01s
[2025-01-16T13:42:32.753-0600][gc,start    ] GC(38) Pause Young (Normal) (G1 Evacuation Pause)
[2025-01-16T13:42:32.755-0600][gc,task     ] GC(38) Using 9 workers of 9 for evacuation
[2025-01-16T13:42:32.764-0600][gc,phases   ] GC(38)   Pre Evacuate Collection Set: 0.84ms
[2025-01-16T13:42:32.764-0600][gc,phases   ] GC(38)   Merge Heap Roots: 0.25ms
[2025-01-16T13:42:32.764-0600][gc,phases   ] GC(38)   Evacuate Collection Set: 7.03ms
[2025-01-16T13:42:32.764-0600][gc,phases   ] GC(38)   Post Evacuate Collection Set: 0.55ms
[2025-01-16T13:42:32.764-0600][gc,phases   ] GC(38)   Other: 0.39ms
[2025-01-16T13:42:32.764-0600][gc,heap     ] GC(38) Eden regions: 120->0(133)
[2025-01-16T13:42:32.764-0600][gc,heap     ] GC(38) Survivor regions: 7->5(16)
[2025-01-16T13:42:32.765-0600][gc,heap     ] GC(38) Old regions: 67->67
[2025-01-16T13:42:32.765-0600][gc,heap     ] GC(38) Humongous regions: 129->129
[2025-01-16T13:42:32.765-0600][gc,metaspace] GC(38) Metaspace: 44135K(44800K)->44135K(44800K) NonClass: 38874K(39232K)->38874K(39232K) Class: 5261K(5568K)->5261K(5568K)
[2025-01-16T13:42:32.765-0600][gc          ] GC(38) Pause Young (Normal) (G1 Evacuation Pause) 321M->200M(1024M) 11.148ms
[2025-01-16T13:42:32.765-0600][gc,cpu      ] GC(38) User=0.03s Sys=0.01s Real=0.01s
[2025-01-16T13:50:52.139-0600][gc,start    ] GC(39) Pause Young (Normal) (G1 Evacuation Pause)
[2025-01-16T13:50:52.140-0600][gc,task     ] GC(39) Using 9 workers of 9 for evacuation
[2025-01-16T13:50:52.151-0600][gc,phases   ] GC(39)   Pre Evacuate Collection Set: 0.96ms
[2025-01-16T13:50:52.151-0600][gc,phases   ] GC(39)   Merge Heap Roots: 0.37ms
[2025-01-16T13:50:52.151-0600][gc,phases   ] GC(39)   Evacuate Collection Set: 8.92ms
[2025-01-16T13:50:52.151-0600][gc,phases   ] GC(39)   Post Evacuate Collection Set: 0.41ms
[2025-01-16T13:50:52.151-0600][gc,phases   ] GC(39)   Other: 0.36ms
[2025-01-16T13:50:52.151-0600][gc,heap     ] GC(39) Eden regions: 133->0(129)
[2025-01-16T13:50:52.151-0600][gc,heap     ] GC(39) Survivor regions: 5->5(18)
[2025-01-16T13:50:52.151-0600][gc,heap     ] GC(39) Old regions: 67->67
[2025-01-16T13:50:52.151-0600][gc,heap     ] GC(39) Humongous regions: 129->129
[2025-01-16T13:50:52.151-0600][gc,metaspace] GC(39) Metaspace: 44135K(44800K)->44135K(44800K) NonClass: 38874K(39232K)->38874K(39232K) Class: 5261K(5568K)->5261K(5568K)
[2025-01-16T13:50:52.151-0600][gc          ] GC(39) Pause Young (Normal) (G1 Evacuation Pause) 333M->200M(1024M) 11.825ms
[2025-01-16T13:50:52.151-0600][gc,cpu      ] GC(39) User=0.03s Sys=0.02s Real=0.02s
[2025-01-16T13:59:01.341-0600][gc,start    ] GC(40) Pause Young (Normal) (G1 Evacuation Pause)
[2025-01-16T13:59:01.342-0600][gc,task     ] GC(40) Using 9 workers of 9 for evacuation
[2025-01-16T13:59:01.353-0600][gc,phases   ] GC(40)   Pre Evacuate Collection Set: 1.78ms
[2025-01-16T13:59:01.353-0600][gc,phases   ] GC(40)   Merge Heap Roots: 0.45ms
[2025-01-16T13:59:01.353-0600][gc,phases   ] GC(40)   Evacuate Collection Set: 8.24ms
[2025-01-16T13:59:01.354-0600][gc,phases   ] GC(40)   Post Evacuate Collection Set: 0.64ms
[2025-01-16T13:59:01.354-0600][gc,phases   ] GC(40)   Other: 0.57ms
[2025-01-16T13:59:01.354-0600][gc,heap     ] GC(40) Eden regions: 130->0(136)
[2025-01-16T13:59:01.354-0600][gc,heap     ] GC(40) Survivor regions: 5->4(17)
[2025-01-16T13:59:01.354-0600][gc,heap     ] GC(40) Old regions: 67->68
[2025-01-16T13:59:01.354-0600][gc,heap     ] GC(40) Humongous regions: 129->129
[2025-01-16T13:59:01.354-0600][gc,metaspace] GC(40) Metaspace: 44138K(44800K)->44138K(44800K) NonClass: 38876K(39232K)->38876K(39232K) Class: 5261K(5568K)->5261K(5568K)
[2025-01-16T13:59:01.354-0600][gc          ] GC(40) Pause Young (Normal) (G1 Evacuation Pause) 330M->199M(1024M) 12.885ms
[2025-01-16T13:59:01.354-0600][gc,cpu      ] GC(40) User=0.03s Sys=0.03s Real=0.01s
[2025-01-16T14:08:02.259-0600][gc,start    ] GC(41) Pause Young (Normal) (G1 Evacuation Pause)
[2025-01-16T14:08:02.260-0600][gc,task     ] GC(41) Using 9 workers of 9 for evacuation
[2025-01-16T14:08:02.268-0600][gc,phases   ] GC(41)   Pre Evacuate Collection Set: 1.56ms
[2025-01-16T14:08:02.268-0600][gc,phases   ] GC(41)   Merge Heap Roots: 0.21ms
[2025-01-16T14:08:02.268-0600][gc,phases   ] GC(41)   Evacuate Collection Set: 5.95ms
[2025-01-16T14:08:02.268-0600][gc,phases   ] GC(41)   Post Evacuate Collection Set: 0.69ms
[2025-01-16T14:08:02.269-0600][gc,phases   ] GC(41)   Other: 0.27ms
[2025-01-16T14:08:02.269-0600][gc,heap     ] GC(41) Eden regions: 143->0(136)
[2025-01-16T14:08:02.269-0600][gc,heap     ] GC(41) Survivor regions: 4->5(19)
[2025-01-16T14:08:02.269-0600][gc,heap     ] GC(41) Old regions: 68->68
[2025-01-16T14:08:02.269-0600][gc,heap     ] GC(41) Humongous regions: 129->129
[2025-01-16T14:08:02.269-0600][gc,metaspace] GC(41) Metaspace: 44147K(44800K)->44147K(44800K) NonClass: 38885K(39232K)->38885K(39232K) Class: 5261K(5568K)->5261K(5568K)
[2025-01-16T14:08:02.269-0600][gc          ] GC(41) Pause Young (Normal) (G1 Evacuation Pause) 342M->200M(1024M) 9.369ms
[2025-01-16T14:08:02.269-0600][gc,cpu      ] GC(41) User=0.03s Sys=0.01s Real=0.01s
[2025-01-16T14:16:34.545-0600][gc,start    ] GC(42) Pause Young (Normal) (G1 Evacuation Pause)
[2025-01-16T14:16:34.546-0600][gc,task     ] GC(42) Using 9 workers of 9 for evacuation
[2025-01-16T14:16:34.552-0600][gc,phases   ] GC(42)   Pre Evacuate Collection Set: 0.91ms
[2025-01-16T14:16:34.553-0600][gc,phases   ] GC(42)   Merge Heap Roots: 0.13ms
[2025-01-16T14:16:34.553-0600][gc,phases   ] GC(42)   Evacuate Collection Set: 4.47ms
[2025-01-16T14:16:34.553-0600][gc,phases   ] GC(42)   Post Evacuate Collection Set: 0.65ms
[2025-01-16T14:16:34.553-0600][gc,phases   ] GC(42)   Other: 0.39ms
[2025-01-16T14:16:34.553-0600][gc,heap     ] GC(42) Eden regions: 140->0(146)
[2025-01-16T14:16:34.553-0600][gc,heap     ] GC(42) Survivor regions: 5->5(19)
[2025-01-16T14:16:34.553-0600][gc,heap     ] GC(42) Old regions: 68->68
[2025-01-16T14:16:34.553-0600][gc,heap     ] GC(42) Humongous regions: 129->129
[2025-01-16T14:16:34.553-0600][gc,metaspace] GC(42) Metaspace: 44149K(44800K)->44149K(44800K) NonClass: 38887K(39232K)->38887K(39232K) Class: 5261K(5568K)->5261K(5568K)
[2025-01-16T14:16:34.553-0600][gc          ] GC(42) Pause Young (Normal) (G1 Evacuation Pause) 340M->200M(1024M) 7.583ms
[2025-01-16T14:16:34.553-0600][gc,cpu      ] GC(42) User=0.02s Sys=0.01s Real=0.01s
[2025-01-16T15:11:56.087-0600][gc,start    ] GC(43) Pause Young (Normal) (G1 Evacuation Pause)
[2025-01-16T15:11:56.088-0600][gc,task     ] GC(43) Using 9 workers of 9 for evacuation
[2025-01-16T15:11:56.092-0600][gc,phases   ] GC(43)   Pre Evacuate Collection Set: 0.63ms
[2025-01-16T15:11:56.092-0600][gc,phases   ] GC(43)   Merge Heap Roots: 0.16ms
[2025-01-16T15:11:56.092-0600][gc,phases   ] GC(43)   Evacuate Collection Set: 2.45ms
[2025-01-16T15:11:56.092-0600][gc,phases   ] GC(43)   Post Evacuate Collection Set: 0.40ms
[2025-01-16T15:11:56.092-0600][gc,phases   ] GC(43)   Other: 0.14ms
[2025-01-16T15:11:56.092-0600][gc,heap     ] GC(43) Eden regions: 151->0(154)
[2025-01-16T15:11:56.092-0600][gc,heap     ] GC(43) Survivor regions: 5->3(20)
[2025-01-16T15:11:56.092-0600][gc,heap     ] GC(43) Old regions: 68->68
[2025-01-16T15:11:56.092-0600][gc,heap     ] GC(43) Humongous regions: 129->129
[2025-01-16T15:11:56.092-0600][gc,metaspace] GC(43) Metaspace: 44156K(44800K)->44156K(44800K) NonClass: 38894K(39232K)->38894K(39232K) Class: 5261K(5568K)->5261K(5568K)
[2025-01-16T15:11:56.092-0600][gc          ] GC(43) Pause Young (Normal) (G1 Evacuation Pause) 351M->199M(1024M) 4.955ms
[2025-01-16T15:11:56.092-0600][gc,cpu      ] GC(43) User=0.01s Sys=0.01s Real=0.01s
[2025-01-16T15:39:28.110-0600][gc,start    ] GC(44) Pause Young (Normal) (G1 Evacuation Pause)
[2025-01-16T15:39:28.111-0600][gc,task     ] GC(44) Using 9 workers of 9 for evacuation
[2025-01-16T15:39:28.125-0600][gc,phases   ] GC(44)   Pre Evacuate Collection Set: 0.91ms
[2025-01-16T15:39:28.125-0600][gc,phases   ] GC(44)   Merge Heap Roots: 0.21ms
[2025-01-16T15:39:28.125-0600][gc,phases   ] GC(44)   Evacuate Collection Set: 11.43ms
[2025-01-16T15:39:28.125-0600][gc,phases   ] GC(44)   Post Evacuate Collection Set: 0.71ms
[2025-01-16T15:39:28.125-0600][gc,phases   ] GC(44)   Other: 0.29ms
[2025-01-16T15:39:28.125-0600][gc,heap     ] GC(44) Eden regions: 156->0(146)
[2025-01-16T15:39:28.125-0600][gc,heap     ] GC(44) Survivor regions: 3->6(20)
[2025-01-16T15:39:28.125-0600][gc,heap     ] GC(44) Old regions: 68->68
[2025-01-16T15:39:28.125-0600][gc,heap     ] GC(44) Humongous regions: 129->129
[2025-01-16T15:39:28.125-0600][gc,metaspace] GC(44) Metaspace: 44228K(44864K)->44228K(44864K) NonClass: 38952K(39296K)->38952K(39296K) Class: 5275K(5568K)->5275K(5568K)
[2025-01-16T15:39:28.125-0600][gc          ] GC(44) Pause Young (Normal) (G1 Evacuation Pause) 355M->201M(1024M) 15.203ms
[2025-01-16T15:39:28.125-0600][gc,cpu      ] GC(44) User=0.02s Sys=0.03s Real=0.01s
[2025-01-16T15:48:42.659-0600][gc,start    ] GC(45) Pause Young (Normal) (G1 Evacuation Pause)
[2025-01-16T15:48:42.660-0600][gc,task     ] GC(45) Using 9 workers of 9 for evacuation
[2025-01-16T15:48:42.668-0600][gc,phases   ] GC(45)   Pre Evacuate Collection Set: 1.13ms
[2025-01-16T15:48:42.668-0600][gc,phases   ] GC(45)   Merge Heap Roots: 0.23ms
[2025-01-16T15:48:42.668-0600][gc,phases   ] GC(45)   Evacuate Collection Set: 4.90ms
[2025-01-16T15:48:42.668-0600][gc,phases   ] GC(45)   Post Evacuate Collection Set: 0.68ms
[2025-01-16T15:48:42.668-0600][gc,phases   ] GC(45)   Other: 0.51ms
[2025-01-16T15:48:42.668-0600][gc,heap     ] GC(45) Eden regions: 148->0(159)
[2025-01-16T15:48:42.668-0600][gc,heap     ] GC(45) Survivor regions: 6->4(20)
[2025-01-16T15:48:42.668-0600][gc,heap     ] GC(45) Old regions: 68->68
[2025-01-16T15:48:42.668-0600][gc,heap     ] GC(45) Humongous regions: 129->129
[2025-01-16T15:48:42.668-0600][gc,metaspace] GC(45) Metaspace: 44230K(44864K)->44230K(44864K) NonClass: 38954K(39296K)->38954K(39296K) Class: 5275K(5568K)->5275K(5568K)
[2025-01-16T15:48:42.668-0600][gc          ] GC(45) Pause Young (Normal) (G1 Evacuation Pause) 349M->199M(1024M) 9.132ms
[2025-01-16T15:48:42.668-0600][gc,cpu      ] GC(45) User=0.01s Sys=0.01s Real=0.01s
[2025-01-16T15:58:44.197-0600][gc,start    ] GC(46) Pause Young (Normal) (G1 Evacuation Pause)
[2025-01-16T15:58:44.198-0600][gc,task     ] GC(46) Using 9 workers of 9 for evacuation
[2025-01-16T15:58:44.206-0600][gc,phases   ] GC(46)   Pre Evacuate Collection Set: 1.29ms
[2025-01-16T15:58:44.206-0600][gc,phases   ] GC(46)   Merge Heap Roots: 0.23ms
[2025-01-16T15:58:44.206-0600][gc,phases   ] GC(46)   Evacuate Collection Set: 5.03ms
[2025-01-16T15:58:44.206-0600][gc,phases   ] GC(46)   Post Evacuate Collection Set: 0.91ms
[2025-01-16T15:58:44.206-0600][gc,phases   ] GC(46)   Other: 0.49ms
[2025-01-16T15:58:44.206-0600][gc,heap     ] GC(46) Eden regions: 160->0(161)
[2025-01-16T15:58:44.207-0600][gc,heap     ] GC(46) Survivor regions: 4->3(21)
[2025-01-16T15:58:44.207-0600][gc,heap     ] GC(46) Old regions: 68->68
[2025-01-16T15:58:44.207-0600][gc,heap     ] GC(46) Humongous regions: 129->129
[2025-01-16T15:58:44.207-0600][gc,metaspace] GC(46) Metaspace: 44233K(44864K)->44233K(44864K) NonClass: 38957K(39296K)->38957K(39296K) Class: 5275K(5568K)->5275K(5568K)
[2025-01-16T15:58:44.207-0600][gc          ] GC(46) Pause Young (Normal) (G1 Evacuation Pause) 359M->198M(1024M) 9.773ms
[2025-01-16T15:58:44.207-0600][gc,cpu      ] GC(46) User=0.02s Sys=0.02s Real=0.01s
[2025-01-16T16:08:54.156-0600][gc,start    ] GC(47) Pause Young (Normal) (G1 Evacuation Pause)
[2025-01-16T16:08:54.157-0600][gc,task     ] GC(47) Using 9 workers of 9 for evacuation
[2025-01-16T16:08:54.169-0600][gc,phases   ] GC(47)   Pre Evacuate Collection Set: 1.26ms
[2025-01-16T16:08:54.169-0600][gc,phases   ] GC(47)   Merge Heap Roots: 0.23ms
[2025-01-16T16:08:54.169-0600][gc,phases   ] GC(47)   Evacuate Collection Set: 9.01ms
[2025-01-16T16:08:54.169-0600][gc,phases   ] GC(47)   Post Evacuate Collection Set: 0.93ms
[2025-01-16T16:08:54.169-0600][gc,phases   ] GC(47)   Other: 0.42ms
[2025-01-16T16:08:54.169-0600][gc,heap     ] GC(47) Eden regions: 162->0(160)
[2025-01-16T16:08:54.169-0600][gc,heap     ] GC(47) Survivor regions: 3->6(21)
[2025-01-16T16:08:54.169-0600][gc,heap     ] GC(47) Old regions: 68->68
[2025-01-16T16:08:54.169-0600][gc,heap     ] GC(47) Humongous regions: 129->129
[2025-01-16T16:08:54.169-0600][gc,metaspace] GC(47) Metaspace: 44240K(44864K)->44240K(44864K) NonClass: 38964K(39296K)->38964K(39296K) Class: 5275K(5568K)->5275K(5568K)
[2025-01-16T16:08:54.169-0600][gc          ] GC(47) Pause Young (Normal) (G1 Evacuation Pause) 360M->201M(1024M) 13.289ms
[2025-01-16T16:08:54.169-0600][gc,cpu      ] GC(47) User=0.03s Sys=0.02s Real=0.01s
[2025-01-16T16:19:01.691-0600][gc,start    ] GC(48) Pause Young (Normal) (G1 Evacuation Pause)
[2025-01-16T16:19:01.692-0600][gc,task     ] GC(48) Using 9 workers of 9 for evacuation
[2025-01-16T16:19:01.712-0600][gc,phases   ] GC(48)   Pre Evacuate Collection Set: 0.96ms
[2025-01-16T16:19:01.712-0600][gc,phases   ] GC(48)   Merge Heap Roots: 0.22ms
[2025-01-16T16:19:01.712-0600][gc,phases   ] GC(48)   Evacuate Collection Set: 10.75ms
[2025-01-16T16:19:01.712-0600][gc,phases   ] GC(48)   Post Evacuate Collection Set: 7.08ms
[2025-01-16T16:19:01.712-0600][gc,phases   ] GC(48)   Other: 1.02ms
[2025-01-16T16:19:01.712-0600][gc,heap     ] GC(48) Eden regions: 161->0(148)
[2025-01-16T16:19:01.712-0600][gc,heap     ] GC(48) Survivor regions: 6->5(21)
[2025-01-16T16:19:01.712-0600][gc,heap     ] GC(48) Old regions: 68->68
[2025-01-16T16:19:01.712-0600][gc,heap     ] GC(48) Humongous regions: 129->129
[2025-01-16T16:19:01.712-0600][gc,metaspace] GC(48) Metaspace: 44240K(44864K)->44240K(44864K) NonClass: 38964K(39296K)->38964K(39296K) Class: 5275K(5568K)->5275K(5568K)
[2025-01-16T16:19:01.712-0600][gc          ] GC(48) Pause Young (Normal) (G1 Evacuation Pause) 362M->201M(1024M) 21.296ms
[2025-01-16T16:19:01.712-0600][gc,cpu      ] GC(48) User=0.02s Sys=0.04s Real=0.02s
[2025-01-16T16:28:11.701-0600][gc,start    ] GC(49) Pause Young (Normal) (G1 Evacuation Pause)
[2025-01-16T16:28:11.702-0600][gc,task     ] GC(49) Using 9 workers of 9 for evacuation
[2025-01-16T16:28:11.715-0600][gc,phases   ] GC(49)   Pre Evacuate Collection Set: 1.25ms
[2025-01-16T16:28:11.715-0600][gc,phases   ] GC(49)   Merge Heap Roots: 0.34ms
[2025-01-16T16:28:11.715-0600][gc,phases   ] GC(49)   Evacuate Collection Set: 6.99ms
[2025-01-16T16:28:11.715-0600][gc,phases   ] GC(49)   Post Evacuate Collection Set: 1.28ms
[2025-01-16T16:28:11.715-0600][gc,phases   ] GC(49)   Other: 0.58ms
[2025-01-16T16:28:11.715-0600][gc,heap     ] GC(49) Eden regions: 150->0(160)
[2025-01-16T16:28:11.715-0600][gc,heap     ] GC(49) Survivor regions: 5->3(20)
[2025-01-16T16:28:11.715-0600][gc,heap     ] GC(49) Old regions: 68->68
[2025-01-16T16:28:11.715-0600][gc,heap     ] GC(49) Humongous regions: 129->129
[2025-01-16T16:28:11.716-0600][gc,metaspace] GC(49) Metaspace: 44244K(44928K)->44244K(44928K) NonClass: 38968K(39360K)->38968K(39360K) Class: 5275K(5568K)->5275K(5568K)
[2025-01-16T16:28:11.716-0600][gc          ] GC(49) Pause Young (Normal) (G1 Evacuation Pause) 351M->199M(1024M) 15.284ms
[2025-01-16T16:28:11.716-0600][gc,cpu      ] GC(49) User=0.02s Sys=0.02s Real=0.01s
[2025-01-16T16:38:18.098-0600][gc,start    ] GC(50) Pause Young (Normal) (G1 Evacuation Pause)
[2025-01-16T16:38:18.099-0600][gc,task     ] GC(50) Using 9 workers of 9 for evacuation
[2025-01-16T16:38:18.109-0600][gc,phases   ] GC(50)   Pre Evacuate Collection Set: 0.90ms
[2025-01-16T16:38:18.110-0600][gc,phases   ] GC(50)   Merge Heap Roots: 0.24ms
[2025-01-16T16:38:18.110-0600][gc,phases   ] GC(50)   Evacuate Collection Set: 8.39ms
[2025-01-16T16:38:18.110-0600][gc,phases   ] GC(50)   Post Evacuate Collection Set: 0.84ms
[2025-01-16T16:38:18.110-0600][gc,phases   ] GC(50)   Other: 0.25ms
[2025-01-16T16:38:18.110-0600][gc,heap     ] GC(50) Eden regions: 160->0(160)
[2025-01-16T16:38:18.110-0600][gc,heap     ] GC(50) Survivor regions: 3->6(21)
[2025-01-16T16:38:18.110-0600][gc,heap     ] GC(50) Old regions: 68->68
[2025-01-16T16:38:18.110-0600][gc,heap     ] GC(50) Humongous regions: 129->129
[2025-01-16T16:38:18.110-0600][gc,metaspace] GC(50) Metaspace: 44256K(44928K)->44256K(44928K) NonClass: 38981K(39360K)->38981K(39360K) Class: 5275K(5568K)->5275K(5568K)
[2025-01-16T16:38:18.110-0600][gc          ] GC(50) Pause Young (Normal) (G1 Evacuation Pause) 359M->201M(1024M) 11.973ms
[2025-01-16T16:38:18.110-0600][gc,cpu      ] GC(50) User=0.02s Sys=0.03s Real=0.02s
[2025-01-16T16:48:27.068-0600][gc,start    ] GC(51) Pause Young (Normal) (G1 Evacuation Pause)
[2025-01-16T16:48:27.069-0600][gc,task     ] GC(51) Using 9 workers of 9 for evacuation
[2025-01-16T16:48:27.076-0600][gc,phases   ] GC(51)   Pre Evacuate Collection Set: 0.92ms
[2025-01-16T16:48:27.076-0600][gc,phases   ] GC(51)   Merge Heap Roots: 0.20ms
[2025-01-16T16:48:27.076-0600][gc,phases   ] GC(51)   Evacuate Collection Set: 5.20ms
[2025-01-16T16:48:27.076-0600][gc,phases   ] GC(51)   Post Evacuate Collection Set: 0.66ms
[2025-01-16T16:48:27.076-0600][gc,phases   ] GC(51)   Other: 0.20ms
[2025-01-16T16:48:27.076-0600][gc,heap     ] GC(51) Eden regions: 161->0(177)
[2025-01-16T16:48:27.076-0600][gc,heap     ] GC(51) Survivor regions: 6->5(21)
[2025-01-16T16:48:27.076-0600][gc,heap     ] GC(51) Old regions: 68->68
[2025-01-16T16:48:27.076-0600][gc,heap     ] GC(51) Humongous regions: 129->129
[2025-01-16T16:48:27.076-0600][gc,metaspace] GC(51) Metaspace: 44261K(44928K)->44261K(44928K) NonClass: 38985K(39360K)->38985K(39360K) Class: 5275K(5568K)->5275K(5568K)
[2025-01-16T16:48:27.076-0600][gc          ] GC(51) Pause Young (Normal) (G1 Evacuation Pause) 362M->201M(1024M) 7.925ms
[2025-01-16T16:48:27.076-0600][gc,cpu      ] GC(51) User=0.02s Sys=0.03s Real=0.01s
[2025-01-16T16:59:35.517-0600][gc,start    ] GC(52) Pause Young (Normal) (G1 Evacuation Pause)
[2025-01-16T16:59:35.518-0600][gc,task     ] GC(52) Using 9 workers of 9 for evacuation
[2025-01-16T16:59:35.529-0600][gc,phases   ] GC(52)   Pre Evacuate Collection Set: 1.36ms
[2025-01-16T16:59:35.530-0600][gc,phases   ] GC(52)   Merge Heap Roots: 0.38ms
[2025-01-16T16:59:35.530-0600][gc,phases   ] GC(52)   Evacuate Collection Set: 8.09ms
[2025-01-16T16:59:35.530-0600][gc,phases   ] GC(52)   Post Evacuate Collection Set: 1.00ms
[2025-01-16T16:59:35.530-0600][gc,phases   ] GC(52)   Other: 0.80ms
[2025-01-16T16:59:35.530-0600][gc,heap     ] GC(52) Eden regions: 178->0(167)
[2025-01-16T16:59:35.530-0600][gc,heap     ] GC(52) Survivor regions: 5->3(23)
[2025-01-16T16:59:35.530-0600][gc,heap     ] GC(52) Old regions: 68->68
[2025-01-16T16:59:35.530-0600][gc,heap     ] GC(52) Humongous regions: 129->129
[2025-01-16T16:59:35.530-0600][gc,metaspace] GC(52) Metaspace: 44272K(44992K)->44272K(44992K) NonClass: 38996K(39424K)->38996K(39424K) Class: 5275K(5568K)->5275K(5568K)
[2025-01-16T16:59:35.530-0600][gc          ] GC(52) Pause Young (Normal) (G1 Evacuation Pause) 379M->199M(1024M) 12.882ms
[2025-01-16T16:59:35.530-0600][gc,cpu      ] GC(52) User=0.02s Sys=0.03s Real=0.02s
[2025-01-16T17:10:07.224-0600][gc,start    ] GC(53) Pause Young (Normal) (G1 Evacuation Pause)
[2025-01-16T17:10:07.224-0600][gc,task     ] GC(53) Using 9 workers of 9 for evacuation
[2025-01-16T17:10:07.232-0600][gc,phases   ] GC(53)   Pre Evacuate Collection Set: 0.91ms
[2025-01-16T17:10:07.232-0600][gc,phases   ] GC(53)   Merge Heap Roots: 0.20ms
[2025-01-16T17:10:07.232-0600][gc,phases   ] GC(53)   Evacuate Collection Set: 5.49ms
[2025-01-16T17:10:07.232-0600][gc,phases   ] GC(53)   Post Evacuate Collection Set: 0.57ms
[2025-01-16T17:10:07.232-0600][gc,phases   ] GC(53)   Other: 0.32ms
[2025-01-16T17:10:07.232-0600][gc,heap     ] GC(53) Eden regions: 167->0(174)
[2025-01-16T17:10:07.232-0600][gc,heap     ] GC(53) Survivor regions: 3->3(22)
[2025-01-16T17:10:07.232-0600][gc,heap     ] GC(53) Old regions: 68->68
[2025-01-16T17:10:07.232-0600][gc,heap     ] GC(53) Humongous regions: 129->129
[2025-01-16T17:10:07.232-0600][gc,metaspace] GC(53) Metaspace: 44289K(44992K)->44289K(44992K) NonClass: 39013K(39424K)->39013K(39424K) Class: 5275K(5568K)->5275K(5568K)
[2025-01-16T17:10:07.232-0600][gc          ] GC(53) Pause Young (Normal) (G1 Evacuation Pause) 366M->199M(1024M) 8.451ms
[2025-01-16T17:10:07.232-0600][gc,cpu      ] GC(53) User=0.02s Sys=0.01s Real=0.01s
