[2025-01-20 15:19:19,086] INFO Creating topic kafka.leafy_factory.work_orders with configuration {} and initial partition assignment HashMap(0 -> ArrayBuffer(0)) (kafka.zk.AdminZkClient)
[2025-01-20 15:19:19,142] INFO [Controller id=0, targetBrokerId=0] Node 0 disconnected. (org.apache.kafka.clients.NetworkClient)
[2025-01-20 15:19:19,152] INFO [ReplicaFetcherManager on broker 0] Removed fetcher for partitions Set(kafka.leafy_factory.work_orders-0) (kafka.server.ReplicaFetcherManager)
[2025-01-20 15:19:19,157] INFO [LogLoader partition=kafka.leafy_factory.work_orders-0, dir=/tmp/kafka-logs] Loading producer state till offset 0 with message format version 2 (kafka.log.UnifiedLog$)
[2025-01-20 15:19:19,157] INFO Created log for partition kafka.leafy_factory.work_orders-0 in /tmp/kafka-logs/kafka.leafy_factory.work_orders-0 with properties {} (kafka.log.LogManager)
[2025-01-20 15:19:19,158] INFO [Partition kafka.leafy_factory.work_orders-0 broker=0] No checkpointed highwatermark is found for partition kafka.leafy_factory.work_orders-0 (kafka.cluster.Partition)
[2025-01-20 15:19:19,158] INFO [Partition kafka.leafy_factory.work_orders-0 broker=0] Log loaded for partition kafka.leafy_factory.work_orders-0 with initial high watermark 0 (kafka.cluster.Partition)
[2025-01-20 15:19:19,242] INFO Creating topic kafka.leafy_factory.product_cost with configuration {} and initial partition assignment HashMap(0 -> ArrayBuffer(0)) (kafka.zk.AdminZkClient)
[2025-01-20 15:19:19,278] INFO [ReplicaFetcherManager on broker 0] Removed fetcher for partitions Set(kafka.leafy_factory.product_cost-0) (kafka.server.ReplicaFetcherManager)
[2025-01-20 15:19:19,281] INFO [LogLoader partition=kafka.leafy_factory.product_cost-0, dir=/tmp/kafka-logs] Loading producer state till offset 0 with message format version 2 (kafka.log.UnifiedLog$)
[2025-01-20 15:19:19,282] INFO Created log for partition kafka.leafy_factory.product_cost-0 in /tmp/kafka-logs/kafka.leafy_factory.product_cost-0 with properties {} (kafka.log.LogManager)
[2025-01-20 15:19:19,282] INFO [Partition kafka.leafy_factory.product_cost-0 broker=0] No checkpointed highwatermark is found for partition kafka.leafy_factory.product_cost-0 (kafka.cluster.Partition)
[2025-01-20 15:19:19,282] INFO [Partition kafka.leafy_factory.product_cost-0 broker=0] Log loaded for partition kafka.leafy_factory.product_cost-0 with initial high watermark 0 (kafka.cluster.Partition)
[2025-01-20 15:19:24,209] INFO [GroupCoordinator 0]: Preparing to rebalance group connect-mongodb-sink-connector in state PreparingRebalance with old generation 1 (__consumer_offsets-33) (reason: Leader connector-consumer-mongodb-sink-connector-0-a1bf0f73-7653-4f59-a40a-e6c0400b7a76 re-joining group during Stable; client reason: cached metadata has changed) (kafka.coordinator.group.GroupCoordinator)
[2025-01-20 15:19:24,211] INFO [GroupCoordinator 0]: Stabilized group connect-mongodb-sink-connector generation 2 (__consumer_offsets-33) with 1 members (kafka.coordinator.group.GroupCoordinator)
[2025-01-20 15:19:24,223] INFO [GroupCoordinator 0]: Assignment received from leader connector-consumer-mongodb-sink-connector-0-a1bf0f73-7653-4f59-a40a-e6c0400b7a76 for group connect-mongodb-sink-connector for generation 2. The group has 1 members, 0 of which are static. (kafka.coordinator.group.GroupCoordinator)
[2025-01-20 15:19:59,164] INFO Creating topic kafka.leafy_factory.jobs with configuration {} and initial partition assignment HashMap(0 -> ArrayBuffer(0)) (kafka.zk.AdminZkClient)
[2025-01-20 15:19:59,228] INFO [ReplicaFetcherManager on broker 0] Removed fetcher for partitions Set(kafka.leafy_factory.jobs-0) (kafka.server.ReplicaFetcherManager)
[2025-01-20 15:19:59,237] INFO [LogLoader partition=kafka.leafy_factory.jobs-0, dir=/tmp/kafka-logs] Loading producer state till offset 0 with message format version 2 (kafka.log.UnifiedLog$)
[2025-01-20 15:19:59,238] INFO Created log for partition kafka.leafy_factory.jobs-0 in /tmp/kafka-logs/kafka.leafy_factory.jobs-0 with properties {} (kafka.log.LogManager)
[2025-01-20 15:19:59,238] INFO [Partition kafka.leafy_factory.jobs-0 broker=0] No checkpointed highwatermark is found for partition kafka.leafy_factory.jobs-0 (kafka.cluster.Partition)
[2025-01-20 15:19:59,239] INFO [Partition kafka.leafy_factory.jobs-0 broker=0] Log loaded for partition kafka.leafy_factory.jobs-0 with initial high watermark 0 (kafka.cluster.Partition)
[2025-01-20 15:19:59,313] INFO Creating topic kafka.leafy_factory.jobs_machines with configuration {} and initial partition assignment HashMap(0 -> ArrayBuffer(0)) (kafka.zk.AdminZkClient)
[2025-01-20 15:19:59,343] INFO [ReplicaFetcherManager on broker 0] Removed fetcher for partitions Set(kafka.leafy_factory.jobs_machines-0) (kafka.server.ReplicaFetcherManager)
[2025-01-20 15:19:59,347] INFO [LogLoader partition=kafka.leafy_factory.jobs_machines-0, dir=/tmp/kafka-logs] Loading producer state till offset 0 with message format version 2 (kafka.log.UnifiedLog$)
[2025-01-20 15:19:59,347] INFO Created log for partition kafka.leafy_factory.jobs_machines-0 in /tmp/kafka-logs/kafka.leafy_factory.jobs_machines-0 with properties {} (kafka.log.LogManager)
[2025-01-20 15:19:59,348] INFO [Partition kafka.leafy_factory.jobs_machines-0 broker=0] No checkpointed highwatermark is found for partition kafka.leafy_factory.jobs_machines-0 (kafka.cluster.Partition)
[2025-01-20 15:19:59,348] INFO [Partition kafka.leafy_factory.jobs_machines-0 broker=0] Log loaded for partition kafka.leafy_factory.jobs_machines-0 with initial high watermark 0 (kafka.cluster.Partition)
[2025-01-20 15:23:13,877] INFO Creating topic kafka.leafy_factory.production_data with configuration {} and initial partition assignment HashMap(0 -> ArrayBuffer(0)) (kafka.zk.AdminZkClient)
[2025-01-20 15:23:13,912] INFO [ReplicaFetcherManager on broker 0] Removed fetcher for partitions Set(kafka.leafy_factory.production_data-0) (kafka.server.ReplicaFetcherManager)
[2025-01-20 15:23:13,914] INFO [LogLoader partition=kafka.leafy_factory.production_data-0, dir=/tmp/kafka-logs] Loading producer state till offset 0 with message format version 2 (kafka.log.UnifiedLog$)
[2025-01-20 15:23:13,915] INFO Created log for partition kafka.leafy_factory.production_data-0 in /tmp/kafka-logs/kafka.leafy_factory.production_data-0 with properties {} (kafka.log.LogManager)
[2025-01-20 15:23:13,915] INFO [Partition kafka.leafy_factory.production_data-0 broker=0] No checkpointed highwatermark is found for partition kafka.leafy_factory.production_data-0 (kafka.cluster.Partition)
[2025-01-20 15:23:13,915] INFO [Partition kafka.leafy_factory.production_data-0 broker=0] Log loaded for partition kafka.leafy_factory.production_data-0 with initial high watermark 0 (kafka.cluster.Partition)
[2025-01-20 15:24:24,901] INFO [GroupCoordinator 0]: Preparing to rebalance group connect-mongodb-sink-connector in state PreparingRebalance with old generation 2 (__consumer_offsets-33) (reason: Leader connector-consumer-mongodb-sink-connector-0-a1bf0f73-7653-4f59-a40a-e6c0400b7a76 re-joining group during Stable; client reason: cached metadata has changed) (kafka.coordinator.group.GroupCoordinator)
[2025-01-20 15:24:24,903] INFO [GroupCoordinator 0]: Stabilized group connect-mongodb-sink-connector generation 3 (__consumer_offsets-33) with 1 members (kafka.coordinator.group.GroupCoordinator)
[2025-01-20 15:24:24,919] INFO [GroupCoordinator 0]: Assignment received from leader connector-consumer-mongodb-sink-connector-0-a1bf0f73-7653-4f59-a40a-e6c0400b7a76 for group connect-mongodb-sink-connector for generation 3. The group has 1 members, 0 of which are static. (kafka.coordinator.group.GroupCoordinator)
