[2025-01-20 15:19:19,123] INFO [Controller id=0 epoch=1] Changed partition kafka.leafy_factory.work_orders-0 state from NonExistentPartition to NewPartition with assigned replicas 0 (state.change.logger)
[2025-01-20 15:19:19,124] INFO [Controller id=0 epoch=1] Sending UpdateMetadata request to brokers HashSet() for 0 partitions (state.change.logger)
[2025-01-20 15:19:19,126] INFO [Controller id=0 epoch=1] Sending UpdateMetadata request to brokers HashSet() for 0 partitions (state.change.logger)
[2025-01-20 15:19:19,141] INFO [Controller id=0 epoch=1] Changed partition kafka.leafy_factory.work_orders-0 from NewPartition to OnlinePartition with state LeaderAndIsr(leader=0, leaderEpoch=0, isrWithBrokerEpoch=List(BrokerState(brokerId=0, brokerEpoch=-1)), leaderRecoveryState=RECOVERED, partitionEpoch=0) (state.change.logger)
[2025-01-20 15:19:19,141] INFO [Controller id=0 epoch=1] Sending LeaderAndIsr request to broker 0 with 1 become-leader and 0 become-follower partitions (state.change.logger)
[2025-01-20 15:19:19,141] INFO [Controller id=0 epoch=1] Sending UpdateMetadata request to brokers HashSet(0) for 1 partitions (state.change.logger)
[2025-01-20 15:19:19,141] INFO [Controller id=0 epoch=1] Sending UpdateMetadata request to brokers HashSet() for 0 partitions (state.change.logger)
[2025-01-20 15:19:19,150] INFO [Broker id=0] Handling LeaderAndIsr request correlationId 23 from controller 0 for 1 partitions (state.change.logger)
[2025-01-20 15:19:19,152] INFO [Broker id=0] Stopped fetchers as part of LeaderAndIsr request correlationId 23 from controller 0 epoch 1 as part of the become-leader transition for 1 partitions (state.change.logger)
[2025-01-20 15:19:19,158] INFO [Broker id=0] Leader kafka.leafy_factory.work_orders-0 with topic id Some(H5Aj7nXXTFOmyXxD4boCQQ) starts at leader epoch 0 from offset 0 with partition epoch 0, high watermark 0, ISR [0], adding replicas [] and removing replicas [] . Previous leader None and previous leader epoch was -1. (state.change.logger)
[2025-01-20 15:19:19,163] INFO [Broker id=0] Finished LeaderAndIsr request in 13ms correlationId 23 from controller 0 for 1 partitions (state.change.logger)
[2025-01-20 15:19:19,165] INFO [Broker id=0] Add 1 partitions and deleted 0 partitions from metadata cache in response to UpdateMetadata request sent by controller 0 epoch 1 with correlation id 24 (state.change.logger)
[2025-01-20 15:19:19,260] INFO [Controller id=0 epoch=1] Changed partition kafka.leafy_factory.product_cost-0 state from NonExistentPartition to NewPartition with assigned replicas 0 (state.change.logger)
[2025-01-20 15:19:19,260] INFO [Controller id=0 epoch=1] Sending UpdateMetadata request to brokers HashSet() for 0 partitions (state.change.logger)
[2025-01-20 15:19:19,260] INFO [Controller id=0 epoch=1] Sending UpdateMetadata request to brokers HashSet() for 0 partitions (state.change.logger)
[2025-01-20 15:19:19,276] INFO [Controller id=0 epoch=1] Changed partition kafka.leafy_factory.product_cost-0 from NewPartition to OnlinePartition with state LeaderAndIsr(leader=0, leaderEpoch=0, isrWithBrokerEpoch=List(BrokerState(brokerId=0, brokerEpoch=-1)), leaderRecoveryState=RECOVERED, partitionEpoch=0) (state.change.logger)
[2025-01-20 15:19:19,277] INFO [Controller id=0 epoch=1] Sending LeaderAndIsr request to broker 0 with 1 become-leader and 0 become-follower partitions (state.change.logger)
[2025-01-20 15:19:19,277] INFO [Controller id=0 epoch=1] Sending UpdateMetadata request to brokers HashSet(0) for 1 partitions (state.change.logger)
[2025-01-20 15:19:19,277] INFO [Controller id=0 epoch=1] Sending UpdateMetadata request to brokers HashSet() for 0 partitions (state.change.logger)
[2025-01-20 15:19:19,277] INFO [Broker id=0] Handling LeaderAndIsr request correlationId 25 from controller 0 for 1 partitions (state.change.logger)
[2025-01-20 15:19:19,278] INFO [Broker id=0] Stopped fetchers as part of LeaderAndIsr request correlationId 25 from controller 0 epoch 1 as part of the become-leader transition for 1 partitions (state.change.logger)
[2025-01-20 15:19:19,283] INFO [Broker id=0] Leader kafka.leafy_factory.product_cost-0 with topic id Some(Rl_qv7eGSayaNMp6buuQsA) starts at leader epoch 0 from offset 0 with partition epoch 0, high watermark 0, ISR [0], adding replicas [] and removing replicas [] . Previous leader None and previous leader epoch was -1. (state.change.logger)
[2025-01-20 15:19:19,290] INFO [Broker id=0] Finished LeaderAndIsr request in 13ms correlationId 25 from controller 0 for 1 partitions (state.change.logger)
[2025-01-20 15:19:19,291] INFO [Broker id=0] Add 1 partitions and deleted 0 partitions from metadata cache in response to UpdateMetadata request sent by controller 0 epoch 1 with correlation id 26 (state.change.logger)
[2025-01-20 15:19:59,196] INFO [Controller id=0 epoch=1] Changed partition kafka.leafy_factory.jobs-0 state from NonExistentPartition to NewPartition with assigned replicas 0 (state.change.logger)
[2025-01-20 15:19:59,196] INFO [Controller id=0 epoch=1] Sending UpdateMetadata request to brokers HashSet() for 0 partitions (state.change.logger)
[2025-01-20 15:19:59,197] INFO [Controller id=0 epoch=1] Sending UpdateMetadata request to brokers HashSet() for 0 partitions (state.change.logger)
[2025-01-20 15:19:59,224] INFO [Controller id=0 epoch=1] Changed partition kafka.leafy_factory.jobs-0 from NewPartition to OnlinePartition with state LeaderAndIsr(leader=0, leaderEpoch=0, isrWithBrokerEpoch=List(BrokerState(brokerId=0, brokerEpoch=-1)), leaderRecoveryState=RECOVERED, partitionEpoch=0) (state.change.logger)
[2025-01-20 15:19:59,224] INFO [Controller id=0 epoch=1] Sending LeaderAndIsr request to broker 0 with 1 become-leader and 0 become-follower partitions (state.change.logger)
[2025-01-20 15:19:59,225] INFO [Controller id=0 epoch=1] Sending UpdateMetadata request to brokers HashSet(0) for 1 partitions (state.change.logger)
[2025-01-20 15:19:59,226] INFO [Controller id=0 epoch=1] Sending UpdateMetadata request to brokers HashSet() for 0 partitions (state.change.logger)
[2025-01-20 15:19:59,226] INFO [Broker id=0] Handling LeaderAndIsr request correlationId 27 from controller 0 for 1 partitions (state.change.logger)
[2025-01-20 15:19:59,228] INFO [Broker id=0] Stopped fetchers as part of LeaderAndIsr request correlationId 27 from controller 0 epoch 1 as part of the become-leader transition for 1 partitions (state.change.logger)
[2025-01-20 15:19:59,239] INFO [Broker id=0] Leader kafka.leafy_factory.jobs-0 with topic id Some(K5AfLLUxRrS1qWqVxHypYA) starts at leader epoch 0 from offset 0 with partition epoch 0, high watermark 0, ISR [0], adding replicas [] and removing replicas [] . Previous leader None and previous leader epoch was -1. (state.change.logger)
[2025-01-20 15:19:59,247] INFO [Broker id=0] Finished LeaderAndIsr request in 21ms correlationId 27 from controller 0 for 1 partitions (state.change.logger)
[2025-01-20 15:19:59,249] INFO [Broker id=0] Add 1 partitions and deleted 0 partitions from metadata cache in response to UpdateMetadata request sent by controller 0 epoch 1 with correlation id 28 (state.change.logger)
[2025-01-20 15:19:59,327] INFO [Controller id=0 epoch=1] Changed partition kafka.leafy_factory.jobs_machines-0 state from NonExistentPartition to NewPartition with assigned replicas 0 (state.change.logger)
[2025-01-20 15:19:59,327] INFO [Controller id=0 epoch=1] Sending UpdateMetadata request to brokers HashSet() for 0 partitions (state.change.logger)
[2025-01-20 15:19:59,328] INFO [Controller id=0 epoch=1] Sending UpdateMetadata request to brokers HashSet() for 0 partitions (state.change.logger)
[2025-01-20 15:19:59,342] INFO [Controller id=0 epoch=1] Changed partition kafka.leafy_factory.jobs_machines-0 from NewPartition to OnlinePartition with state LeaderAndIsr(leader=0, leaderEpoch=0, isrWithBrokerEpoch=List(BrokerState(brokerId=0, brokerEpoch=-1)), leaderRecoveryState=RECOVERED, partitionEpoch=0) (state.change.logger)
[2025-01-20 15:19:59,342] INFO [Controller id=0 epoch=1] Sending LeaderAndIsr request to broker 0 with 1 become-leader and 0 become-follower partitions (state.change.logger)
[2025-01-20 15:19:59,342] INFO [Controller id=0 epoch=1] Sending UpdateMetadata request to brokers HashSet(0) for 1 partitions (state.change.logger)
[2025-01-20 15:19:59,342] INFO [Controller id=0 epoch=1] Sending UpdateMetadata request to brokers HashSet() for 0 partitions (state.change.logger)
[2025-01-20 15:19:59,343] INFO [Broker id=0] Handling LeaderAndIsr request correlationId 29 from controller 0 for 1 partitions (state.change.logger)
[2025-01-20 15:19:59,343] INFO [Broker id=0] Stopped fetchers as part of LeaderAndIsr request correlationId 29 from controller 0 epoch 1 as part of the become-leader transition for 1 partitions (state.change.logger)
[2025-01-20 15:19:59,348] INFO [Broker id=0] Leader kafka.leafy_factory.jobs_machines-0 with topic id Some(5ivR2gklTUya-KP2J5EaEA) starts at leader epoch 0 from offset 0 with partition epoch 0, high watermark 0, ISR [0], adding replicas [] and removing replicas [] . Previous leader None and previous leader epoch was -1. (state.change.logger)
[2025-01-20 15:19:59,355] INFO [Broker id=0] Finished LeaderAndIsr request in 12ms correlationId 29 from controller 0 for 1 partitions (state.change.logger)
[2025-01-20 15:19:59,356] INFO [Broker id=0] Add 1 partitions and deleted 0 partitions from metadata cache in response to UpdateMetadata request sent by controller 0 epoch 1 with correlation id 30 (state.change.logger)
[2025-01-20 15:23:13,900] INFO [Controller id=0 epoch=1] Changed partition kafka.leafy_factory.production_data-0 state from NonExistentPartition to NewPartition with assigned replicas 0 (state.change.logger)
[2025-01-20 15:23:13,900] INFO [Controller id=0 epoch=1] Sending UpdateMetadata request to brokers HashSet() for 0 partitions (state.change.logger)
[2025-01-20 15:23:13,901] INFO [Controller id=0 epoch=1] Sending UpdateMetadata request to brokers HashSet() for 0 partitions (state.change.logger)
[2025-01-20 15:23:13,911] INFO [Controller id=0 epoch=1] Changed partition kafka.leafy_factory.production_data-0 from NewPartition to OnlinePartition with state LeaderAndIsr(leader=0, leaderEpoch=0, isrWithBrokerEpoch=List(BrokerState(brokerId=0, brokerEpoch=-1)), leaderRecoveryState=RECOVERED, partitionEpoch=0) (state.change.logger)
[2025-01-20 15:23:13,911] INFO [Controller id=0 epoch=1] Sending LeaderAndIsr request to broker 0 with 1 become-leader and 0 become-follower partitions (state.change.logger)
[2025-01-20 15:23:13,911] INFO [Controller id=0 epoch=1] Sending UpdateMetadata request to brokers HashSet(0) for 1 partitions (state.change.logger)
[2025-01-20 15:23:13,911] INFO [Controller id=0 epoch=1] Sending UpdateMetadata request to brokers HashSet() for 0 partitions (state.change.logger)
[2025-01-20 15:23:13,912] INFO [Broker id=0] Handling LeaderAndIsr request correlationId 31 from controller 0 for 1 partitions (state.change.logger)
[2025-01-20 15:23:13,912] INFO [Broker id=0] Stopped fetchers as part of LeaderAndIsr request correlationId 31 from controller 0 epoch 1 as part of the become-leader transition for 1 partitions (state.change.logger)
[2025-01-20 15:23:13,915] INFO [Broker id=0] Leader kafka.leafy_factory.production_data-0 with topic id Some(L1XJ3fS4RVCgB11PvE9LdA) starts at leader epoch 0 from offset 0 with partition epoch 0, high watermark 0, ISR [0], adding replicas [] and removing replicas [] . Previous leader None and previous leader epoch was -1. (state.change.logger)
[2025-01-20 15:23:13,920] INFO [Broker id=0] Finished LeaderAndIsr request in 9ms correlationId 31 from controller 0 for 1 partitions (state.change.logger)
[2025-01-20 15:23:13,921] INFO [Broker id=0] Add 1 partitions and deleted 0 partitions from metadata cache in response to UpdateMetadata request sent by controller 0 epoch 1 with correlation id 32 (state.change.logger)
