[2025-01-03T13:13:09.182-0600][gc,init] CardTable entry size: 512
[2025-01-03T13:13:09.182-0600][gc     ] Using G1
[2025-01-03T13:13:09.183-0600][gc,init] Version: 23+37-2369 (release)
[2025-01-03T13:13:09.183-0600][gc,init] CPUs: 11 total, 11 available
[2025-01-03T13:13:09.183-0600][gc,init] Memory: 18432M
[2025-01-03T13:13:09.183-0600][gc,init] Large Page Support: Disabled
[2025-01-03T13:13:09.183-0600][gc,init] NUMA Support: Disabled
[2025-01-03T13:13:09.183-0600][gc,init] Compressed Oops: Enabled (Zero based)
[2025-01-03T13:13:09.183-0600][gc,init] Heap Region Size: 1M
[2025-01-03T13:13:09.183-0600][gc,init] Heap Min Capacity: 512M
[2025-01-03T13:13:09.183-0600][gc,init] Heap Initial Capacity: 512M
[2025-01-03T13:13:09.183-0600][gc,init] Heap Max Capacity: 512M
[2025-01-03T13:13:09.183-0600][gc,init] Pre-touch: Disabled
[2025-01-03T13:13:09.183-0600][gc,init] Parallel Workers: 9
[2025-01-03T13:13:09.183-0600][gc,init] Concurrent Workers: 2
[2025-01-03T13:13:09.183-0600][gc,init] Concurrent Refinement Workers: 9
[2025-01-03T13:13:09.183-0600][gc,init] Periodic GC: Disabled
[2025-01-03T13:13:09.186-0600][gc,metaspace] CDS archive(s) mapped at: [0x000001f000000000-0x000001f000d94000-0x000001f000d94000), size 14237696, SharedBaseAddress: 0x000001f000000000, ArchiveRelocationMode: 1.
[2025-01-03T13:13:09.186-0600][gc,metaspace] Compressed class space mapped at: 0x000001f001000000-0x000001f041000000, reserved size: 1073741824
[2025-01-03T13:13:09.186-0600][gc,metaspace] Narrow klass base: 0x000001f000000000, Narrow klass shift: 0, Narrow klass range: 0x100000000
[2025-01-03T13:13:09.538-0600][gc,start    ] GC(0) Pause Young (Normal) (G1 Evacuation Pause)
[2025-01-03T13:13:09.539-0600][gc,task     ] GC(0) Using 9 workers of 9 for evacuation
[2025-01-03T13:13:09.541-0600][gc,phases   ] GC(0)   Pre Evacuate Collection Set: 0.08ms
[2025-01-03T13:13:09.541-0600][gc,phases   ] GC(0)   Merge Heap Roots: 0.23ms
[2025-01-03T13:13:09.541-0600][gc,phases   ] GC(0)   Evacuate Collection Set: 1.60ms
[2025-01-03T13:13:09.541-0600][gc,phases   ] GC(0)   Post Evacuate Collection Set: 0.12ms
[2025-01-03T13:13:09.541-0600][gc,phases   ] GC(0)   Other: 0.26ms
[2025-01-03T13:13:09.541-0600][gc,heap     ] GC(0) Eden regions: 25->0(21)
[2025-01-03T13:13:09.541-0600][gc,heap     ] GC(0) Survivor regions: 0->4(4)
[2025-01-03T13:13:09.541-0600][gc,heap     ] GC(0) Old regions: 2->6
[2025-01-03T13:13:09.541-0600][gc,heap     ] GC(0) Humongous regions: 0->0
[2025-01-03T13:13:09.541-0600][gc,metaspace] GC(0) Metaspace: 7529K(7744K)->7529K(7744K) NonClass: 6683K(6784K)->6683K(6784K) Class: 846K(960K)->846K(960K)
[2025-01-03T13:13:09.541-0600][gc          ] GC(0) Pause Young (Normal) (G1 Evacuation Pause) 26M->8M(512M) 2.914ms
[2025-01-03T13:13:09.541-0600][gc,cpu      ] GC(0) User=0.00s Sys=0.00s Real=0.01s
